{"/Users/jamiecermak/Projects/personal/houselist-server/knexfile.js": {"path":"/Users/jamiecermak/Projects/personal/houselist-server/knexfile.js","statementMap":{"0":{"start":{"line":1,"column":0},"end":{"line":3,"column":2}},"1":{"start":{"line":5,"column":20},"end":{"line":18,"column":1}},"2":{"start":{"line":20,"column":20},"end":{"line":26,"column":1}},"3":{"start":{"line":28,"column":0},"end":{"line":32,"column":1}}},"fnMap":{},"branchMap":{},"s":{"0":15,"1":15,"2":15,"3":15},"f":{},"b":{},"_coverageSchema":"1a1c01bbd47fc00a2c39e90264f33305004495a9","hash":"53642a0a530746dfb7a07b38fde9e5bb94f8a966"}
,"/Users/jamiecermak/Projects/personal/houselist-server/events/onSignup.js": {"path":"/Users/jamiecermak/Projects/personal/houselist-server/events/onSignup.js","statementMap":{"0":{"start":{"line":1,"column":27},"end":{"line":1,"column":69}},"1":{"start":{"line":2,"column":21},"end":{"line":2,"column":44}},"2":{"start":{"line":5,"column":18},"end":{"line":5,"column":32}},"3":{"start":{"line":7,"column":17},"end":{"line":7,"column":59}},"4":{"start":{"line":9,"column":18},"end":{"line":9,"column":71}},"5":{"start":{"line":10,"column":4},"end":{"line":10,"column":51}},"6":{"start":{"line":13,"column":0},"end":{"line":15,"column":1}}},"fnMap":{"0":{"name":"onSignup","decl":{"start":{"line":4,"column":15},"end":{"line":4,"column":23}},"loc":{"start":{"line":4,"column":37},"end":{"line":11,"column":1}},"line":4}},"branchMap":{},"s":{"0":1,"1":1,"2":1,"3":1,"4":1,"5":1,"6":1},"f":{"0":1},"b":{},"_coverageSchema":"1a1c01bbd47fc00a2c39e90264f33305004495a9","hash":"e7dbb16eddae8f895f852840eb3ac078cb42e33b"}
,"/Users/jamiecermak/Projects/personal/houselist-server/lib/Authentication.js": {"path":"/Users/jamiecermak/Projects/personal/houselist-server/lib/Authentication.js","statementMap":{"0":{"start":{"line":1,"column":15},"end":{"line":1,"column":32}},"1":{"start":{"line":2,"column":21},"end":{"line":2,"column":48}},"2":{"start":{"line":3,"column":34},"end":{"line":3,"column":65}},"3":{"start":{"line":4,"column":21},"end":{"line":4,"column":39}},"4":{"start":{"line":13,"column":8},"end":{"line":13,"column":44}},"5":{"start":{"line":25,"column":8},"end":{"line":25,"column":59}},"6":{"start":{"line":37,"column":21},"end":{"line":42,"column":20}},"7":{"start":{"line":45,"column":8},"end":{"line":50,"column":9}},"8":{"start":{"line":46,"column":12},"end":{"line":49,"column":13}},"9":{"start":{"line":53,"column":8},"end":{"line":58,"column":9}},"10":{"start":{"line":54,"column":12},"end":{"line":57,"column":13}},"11":{"start":{"line":60,"column":8},"end":{"line":60,"column":22}},"12":{"start":{"line":73,"column":25},"end":{"line":73,"column":61}},"13":{"start":{"line":75,"column":22},"end":{"line":75,"column":36}},"14":{"start":{"line":77,"column":23},"end":{"line":82,"column":9}},"15":{"start":{"line":84,"column":8},"end":{"line":84,"column":21}},"16":{"start":{"line":88,"column":0},"end":{"line":90,"column":1}}},"fnMap":{"0":{"name":"(anonymous_0)","decl":{"start":{"line":12,"column":4},"end":{"line":12,"column":5}},"loc":{"start":{"line":12,"column":27},"end":{"line":14,"column":5}},"line":12},"1":{"name":"(anonymous_1)","decl":{"start":{"line":24,"column":4},"end":{"line":24,"column":5}},"loc":{"start":{"line":24,"column":47},"end":{"line":26,"column":5}},"line":24},"2":{"name":"(anonymous_2)","decl":{"start":{"line":35,"column":4},"end":{"line":35,"column":5}},"loc":{"start":{"line":35,"column":51},"end":{"line":61,"column":5}},"line":35},"3":{"name":"(anonymous_3)","decl":{"start":{"line":72,"column":4},"end":{"line":72,"column":5}},"loc":{"start":{"line":72,"column":66},"end":{"line":85,"column":5}},"line":72}},"branchMap":{"0":{"loc":{"start":{"line":45,"column":8},"end":{"line":50,"column":9}},"type":"if","locations":[{"start":{"line":45,"column":8},"end":{"line":50,"column":9}},{"start":{},"end":{}}],"line":45},"1":{"loc":{"start":{"line":53,"column":8},"end":{"line":58,"column":9}},"type":"if","locations":[{"start":{"line":53,"column":8},"end":{"line":58,"column":9}},{"start":{},"end":{}}],"line":53}},"s":{"0":1,"1":1,"2":1,"3":1,"4":1,"5":0,"6":3,"7":3,"8":1,"9":2,"10":1,"11":1,"12":1,"13":1,"14":1,"15":1,"16":1},"f":{"0":1,"1":0,"2":3,"3":1},"b":{"0":[1,2],"1":[1,1]},"_coverageSchema":"1a1c01bbd47fc00a2c39e90264f33305004495a9","hash":"0ee7390a1f5dc3cd50e44185ff4b4d8fa7042922"}
,"/Users/jamiecermak/Projects/personal/houselist-server/lib/Authorisation.js": {"path":"/Users/jamiecermak/Projects/personal/houselist-server/lib/Authorisation.js","statementMap":{"0":{"start":{"line":1,"column":12},"end":{"line":1,"column":35}},"1":{"start":{"line":2,"column":21},"end":{"line":2,"column":48}},"2":{"start":{"line":3,"column":41},"end":{"line":3,"column":67}},"3":{"start":{"line":4,"column":28},"end":{"line":4,"column":59}},"4":{"start":{"line":14,"column":8},"end":{"line":16,"column":10}},"5":{"start":{"line":27,"column":29},"end":{"line":27,"column":61}},"6":{"start":{"line":28,"column":8},"end":{"line":28,"column":34}},"7":{"start":{"line":42,"column":8},"end":{"line":46,"column":9}},"8":{"start":{"line":43,"column":12},"end":{"line":43,"column":44}},"9":{"start":{"line":45,"column":12},"end":{"line":45,"column":77}},"10":{"start":{"line":49,"column":21},"end":{"line":54,"column":20}},"11":{"start":{"line":57,"column":8},"end":{"line":59,"column":9}},"12":{"start":{"line":58,"column":12},"end":{"line":58,"column":65}},"13":{"start":{"line":61,"column":8},"end":{"line":61,"column":22}},"14":{"start":{"line":65,"column":0},"end":{"line":67,"column":1}}},"fnMap":{"0":{"name":"(anonymous_0)","decl":{"start":{"line":13,"column":4},"end":{"line":13,"column":5}},"loc":{"start":{"line":13,"column":24},"end":{"line":17,"column":5}},"line":13},"1":{"name":"(anonymous_1)","decl":{"start":{"line":26,"column":4},"end":{"line":26,"column":5}},"loc":{"start":{"line":26,"column":23},"end":{"line":29,"column":5}},"line":26},"2":{"name":"(anonymous_2)","decl":{"start":{"line":38,"column":4},"end":{"line":38,"column":5}},"loc":{"start":{"line":38,"column":30},"end":{"line":62,"column":5}},"line":38}},"branchMap":{"0":{"loc":{"start":{"line":57,"column":8},"end":{"line":59,"column":9}},"type":"if","locations":[{"start":{"line":57,"column":8},"end":{"line":59,"column":9}},{"start":{},"end":{}}],"line":57}},"s":{"0":2,"1":2,"2":2,"3":2,"4":1,"5":4,"6":1,"7":3,"8":3,"9":1,"10":2,"11":2,"12":1,"13":1,"14":2},"f":{"0":1,"1":4,"2":3},"b":{"0":[1,1]},"_coverageSchema":"1a1c01bbd47fc00a2c39e90264f33305004495a9","hash":"e53f454dcee8bd897782bbe61e3c95f0641ab4f9"}
,"/Users/jamiecermak/Projects/personal/houselist-server/lib/Firebase.js": {"path":"/Users/jamiecermak/Projects/personal/houselist-server/lib/Firebase.js","statementMap":{"0":{"start":{"line":1,"column":21},"end":{"line":1,"column":48}},"1":{"start":{"line":2,"column":20},"end":{"line":2,"column":50}},"2":{"start":{"line":6,"column":4},"end":{"line":6,"column":35}},"3":{"start":{"line":19,"column":8},"end":{"line":33,"column":9}},"4":{"start":{"line":20,"column":12},"end":{"line":30,"column":25}},"5":{"start":{"line":32,"column":12},"end":{"line":32,"column":45}},"6":{"start":{"line":45,"column":23},"end":{"line":55,"column":40}},"7":{"start":{"line":57,"column":8},"end":{"line":57,"column":47}},"8":{"start":{"line":57,"column":41},"end":{"line":57,"column":46}},"9":{"start":{"line":68,"column":8},"end":{"line":71,"column":10}},"10":{"start":{"line":82,"column":8},"end":{"line":87,"column":9}},"11":{"start":{"line":83,"column":31},"end":{"line":83,"column":74}},"12":{"start":{"line":84,"column":12},"end":{"line":84,"column":69}},"13":{"start":{"line":86,"column":12},"end":{"line":86,"column":71}},"14":{"start":{"line":91,"column":0},"end":{"line":93,"column":1}}},"fnMap":{"0":{"name":"(anonymous_0)","decl":{"start":{"line":18,"column":4},"end":{"line":18,"column":5}},"loc":{"start":{"line":18,"column":68},"end":{"line":34,"column":5}},"line":18},"1":{"name":"(anonymous_1)","decl":{"start":{"line":43,"column":4},"end":{"line":43,"column":5}},"loc":{"start":{"line":43,"column":43},"end":{"line":58,"column":5}},"line":43},"2":{"name":"(anonymous_2)","decl":{"start":{"line":57,"column":26},"end":{"line":57,"column":27}},"loc":{"start":{"line":57,"column":41},"end":{"line":57,"column":46}},"line":57},"3":{"name":"(anonymous_3)","decl":{"start":{"line":67,"column":4},"end":{"line":67,"column":5}},"loc":{"start":{"line":67,"column":53},"end":{"line":72,"column":5}},"line":67},"4":{"name":"(anonymous_4)","decl":{"start":{"line":81,"column":4},"end":{"line":81,"column":5}},"loc":{"start":{"line":81,"column":53},"end":{"line":88,"column":5}},"line":81}},"branchMap":{},"s":{"0":1,"1":1,"2":1,"3":2,"4":2,"5":1,"6":2,"7":2,"8":3,"9":1,"10":2,"11":2,"12":2,"13":1,"14":1},"f":{"0":2,"1":2,"2":3,"3":1,"4":2},"b":{},"_coverageSchema":"1a1c01bbd47fc00a2c39e90264f33305004495a9","hash":"62a553cc7635884a5e31dbe0813c4dae1a161c1d"}
,"/Users/jamiecermak/Projects/personal/houselist-server/lib/ForgotPassword.js": {"path":"/Users/jamiecermak/Projects/personal/houselist-server/lib/ForgotPassword.js","statementMap":{"0":{"start":{"line":1,"column":21},"end":{"line":1,"column":48}},"1":{"start":{"line":2,"column":21},"end":{"line":2,"column":36}},"2":{"start":{"line":3,"column":45},"end":{"line":3,"column":64}},"3":{"start":{"line":4,"column":21},"end":{"line":4,"column":39}},"4":{"start":{"line":8,"column":4},"end":{"line":8,"column":35}},"5":{"start":{"line":16,"column":8},"end":{"line":16,"column":21}},"6":{"start":{"line":26,"column":8},"end":{"line":28,"column":24}},"7":{"start":{"line":41,"column":21},"end":{"line":47,"column":20}},"8":{"start":{"line":50,"column":8},"end":{"line":54,"column":9}},"9":{"start":{"line":51,"column":12},"end":{"line":53,"column":13}},"10":{"start":{"line":57,"column":27},"end":{"line":57,"column":52}},"11":{"start":{"line":58,"column":28},"end":{"line":58,"column":54}},"12":{"start":{"line":61,"column":35},"end":{"line":65,"column":9}},"13":{"start":{"line":68,"column":8},"end":{"line":72,"column":9}},"14":{"start":{"line":69,"column":12},"end":{"line":71,"column":13}},"15":{"start":{"line":74,"column":8},"end":{"line":78,"column":9}},"16":{"start":{"line":90,"column":8},"end":{"line":100,"column":9}},"17":{"start":{"line":91,"column":12},"end":{"line":97,"column":46}},"18":{"start":{"line":99,"column":12},"end":{"line":99,"column":24}},"19":{"start":{"line":102,"column":8},"end":{"line":102,"column":19}},"20":{"start":{"line":113,"column":22},"end":{"line":126,"column":20}},"21":{"start":{"line":129,"column":8},"end":{"line":134,"column":9}},"22":{"start":{"line":130,"column":12},"end":{"line":133,"column":13}},"23":{"start":{"line":137,"column":27},"end":{"line":137,"column":54}},"24":{"start":{"line":139,"column":8},"end":{"line":144,"column":9}},"25":{"start":{"line":140,"column":12},"end":{"line":143,"column":13}},"26":{"start":{"line":146,"column":8},"end":{"line":149,"column":9}},"27":{"start":{"line":167,"column":22},"end":{"line":167,"column":75}},"28":{"start":{"line":170,"column":22},"end":{"line":170,"column":36}},"29":{"start":{"line":172,"column":8},"end":{"line":172,"column":59}},"30":{"start":{"line":175,"column":8},"end":{"line":175,"column":53}},"31":{"start":{"line":185,"column":28},"end":{"line":185,"column":38}},"32":{"start":{"line":187,"column":8},"end":{"line":197,"column":9}},"33":{"start":{"line":188,"column":12},"end":{"line":194,"column":18}},"34":{"start":{"line":196,"column":12},"end":{"line":196,"column":56}},"35":{"start":{"line":201,"column":0},"end":{"line":203,"column":1}}},"fnMap":{"0":{"name":"(anonymous_0)","decl":{"start":{"line":15,"column":4},"end":{"line":15,"column":5}},"loc":{"start":{"line":15,"column":25},"end":{"line":17,"column":5}},"line":15},"1":{"name":"(anonymous_1)","decl":{"start":{"line":25,"column":4},"end":{"line":25,"column":5}},"loc":{"start":{"line":25,"column":37},"end":{"line":29,"column":5}},"line":25},"2":{"name":"(anonymous_2)","decl":{"start":{"line":38,"column":4},"end":{"line":38,"column":5}},"loc":{"start":{"line":38,"column":50},"end":{"line":79,"column":5}},"line":38},"3":{"name":"(anonymous_3)","decl":{"start":{"line":89,"column":4},"end":{"line":89,"column":5}},"loc":{"start":{"line":89,"column":56},"end":{"line":103,"column":5}},"line":89},"4":{"name":"(anonymous_4)","decl":{"start":{"line":111,"column":4},"end":{"line":111,"column":5}},"loc":{"start":{"line":111,"column":53},"end":{"line":150,"column":5}},"line":111},"5":{"name":"(anonymous_5)","decl":{"start":{"line":160,"column":4},"end":{"line":160,"column":5}},"loc":{"start":{"line":165,"column":6},"end":{"line":176,"column":5}},"line":165},"6":{"name":"(anonymous_6)","decl":{"start":{"line":184,"column":4},"end":{"line":184,"column":5}},"loc":{"start":{"line":184,"column":49},"end":{"line":198,"column":5}},"line":184}},"branchMap":{"0":{"loc":{"start":{"line":25,"column":24},"end":{"line":25,"column":35}},"type":"default-arg","locations":[{"start":{"line":25,"column":34},"end":{"line":25,"column":35}}],"line":25},"1":{"loc":{"start":{"line":50,"column":8},"end":{"line":54,"column":9}},"type":"if","locations":[{"start":{"line":50,"column":8},"end":{"line":54,"column":9}},{"start":{},"end":{}}],"line":50},"2":{"loc":{"start":{"line":68,"column":8},"end":{"line":72,"column":9}},"type":"if","locations":[{"start":{"line":68,"column":8},"end":{"line":72,"column":9}},{"start":{},"end":{}}],"line":68},"3":{"loc":{"start":{"line":129,"column":8},"end":{"line":134,"column":9}},"type":"if","locations":[{"start":{"line":129,"column":8},"end":{"line":134,"column":9}},{"start":{},"end":{}}],"line":129},"4":{"loc":{"start":{"line":139,"column":8},"end":{"line":144,"column":9}},"type":"if","locations":[{"start":{"line":139,"column":8},"end":{"line":144,"column":9}},{"start":{},"end":{}}],"line":139}},"s":{"0":1,"1":1,"2":1,"3":1,"4":1,"5":1,"6":3,"7":3,"8":3,"9":1,"10":2,"11":2,"12":2,"13":2,"14":1,"15":1,"16":2,"17":2,"18":1,"19":1,"20":3,"21":3,"22":1,"23":2,"24":2,"25":1,"26":1,"27":2,"28":1,"29":1,"30":1,"31":1,"32":1,"33":1,"34":0,"35":1},"f":{"0":1,"1":3,"2":3,"3":2,"4":3,"5":2,"6":1},"b":{"0":[2],"1":[1,2],"2":[1,1],"3":[1,2],"4":[1,1]},"_coverageSchema":"1a1c01bbd47fc00a2c39e90264f33305004495a9","hash":"33f8e4bc7f6761ae782c363defc3f65b545dca9b"}
,"/Users/jamiecermak/Projects/personal/houselist-server/lib/ListItems.js": {"path":"/Users/jamiecermak/Projects/personal/houselist-server/lib/ListItems.js","statementMap":{"0":{"start":{"line":1,"column":21},"end":{"line":1,"column":48}},"1":{"start":{"line":2,"column":12},"end":{"line":2,"column":26}},"2":{"start":{"line":3,"column":30},"end":{"line":3,"column":57}},"3":{"start":{"line":4,"column":27},"end":{"line":4,"column":51}},"4":{"start":{"line":9,"column":4},"end":{"line":9,"column":35}},"5":{"start":{"line":12,"column":23},"end":{"line":20,"column":24}},"6":{"start":{"line":22,"column":26},"end":{"line":29,"column":24}},"7":{"start":{"line":38,"column":30},"end":{"line":51,"column":9}},"8":{"start":{"line":53,"column":22},"end":{"line":63,"column":14}},"9":{"start":{"line":58,"column":16},"end":{"line":60,"column":17}},"10":{"start":{"line":59,"column":20},"end":{"line":59,"column":34}},"11":{"start":{"line":62,"column":16},"end":{"line":62,"column":69}},"12":{"start":{"line":65,"column":8},"end":{"line":65,"column":20}},"13":{"start":{"line":79,"column":8},"end":{"line":86,"column":9}},"14":{"start":{"line":80,"column":12},"end":{"line":83,"column":14}},"15":{"start":{"line":85,"column":12},"end":{"line":85,"column":45}},"16":{"start":{"line":88,"column":8},"end":{"line":88,"column":56}},"17":{"start":{"line":89,"column":8},"end":{"line":89,"column":36}},"18":{"start":{"line":91,"column":25},"end":{"line":101,"column":28}},"19":{"start":{"line":103,"column":8},"end":{"line":103,"column":26}},"20":{"start":{"line":113,"column":21},"end":{"line":117,"column":20}},"21":{"start":{"line":119,"column":8},"end":{"line":121,"column":9}},"22":{"start":{"line":120,"column":12},"end":{"line":120,"column":54}},"23":{"start":{"line":123,"column":8},"end":{"line":128,"column":9}},"24":{"start":{"line":124,"column":12},"end":{"line":127,"column":13}},"25":{"start":{"line":130,"column":8},"end":{"line":134,"column":10}},"26":{"start":{"line":144,"column":25},"end":{"line":148,"column":20}},"27":{"start":{"line":150,"column":8},"end":{"line":152,"column":9}},"28":{"start":{"line":151,"column":12},"end":{"line":151,"column":54}},"29":{"start":{"line":154,"column":8},"end":{"line":159,"column":9}},"30":{"start":{"line":155,"column":12},"end":{"line":158,"column":13}},"31":{"start":{"line":161,"column":8},"end":{"line":161,"column":66}},"32":{"start":{"line":172,"column":8},"end":{"line":177,"column":9}},"33":{"start":{"line":173,"column":12},"end":{"line":176,"column":13}},"34":{"start":{"line":179,"column":25},"end":{"line":183,"column":20}},"35":{"start":{"line":185,"column":8},"end":{"line":187,"column":9}},"36":{"start":{"line":186,"column":12},"end":{"line":186,"column":54}},"37":{"start":{"line":189,"column":8},"end":{"line":194,"column":9}},"38":{"start":{"line":190,"column":12},"end":{"line":193,"column":13}},"39":{"start":{"line":196,"column":8},"end":{"line":201,"column":9}},"40":{"start":{"line":197,"column":12},"end":{"line":200,"column":13}},"41":{"start":{"line":203,"column":8},"end":{"line":207,"column":10}},"42":{"start":{"line":221,"column":8},"end":{"line":228,"column":9}},"43":{"start":{"line":222,"column":12},"end":{"line":225,"column":14}},"44":{"start":{"line":227,"column":12},"end":{"line":227,"column":45}},"45":{"start":{"line":230,"column":8},"end":{"line":232,"column":9}},"46":{"start":{"line":231,"column":12},"end":{"line":231,"column":45}},"47":{"start":{"line":234,"column":25},"end":{"line":238,"column":20}},"48":{"start":{"line":240,"column":8},"end":{"line":242,"column":9}},"49":{"start":{"line":241,"column":12},"end":{"line":241,"column":54}},"50":{"start":{"line":244,"column":28},"end":{"line":244,"column":48}},"51":{"start":{"line":245,"column":29},"end":{"line":248,"column":9}},"52":{"start":{"line":250,"column":8},"end":{"line":254,"column":9}},"53":{"start":{"line":251,"column":12},"end":{"line":253,"column":13}},"54":{"start":{"line":256,"column":34},"end":{"line":259,"column":9}},"55":{"start":{"line":261,"column":8},"end":{"line":265,"column":9}},"56":{"start":{"line":262,"column":12},"end":{"line":264,"column":13}},"57":{"start":{"line":267,"column":8},"end":{"line":269,"column":33}},"58":{"start":{"line":280,"column":25},"end":{"line":285,"column":20}},"59":{"start":{"line":287,"column":8},"end":{"line":289,"column":9}},"60":{"start":{"line":288,"column":12},"end":{"line":288,"column":24}},"61":{"start":{"line":291,"column":8},"end":{"line":291,"column":19}},"62":{"start":{"line":302,"column":25},"end":{"line":307,"column":20}},"63":{"start":{"line":309,"column":8},"end":{"line":311,"column":9}},"64":{"start":{"line":310,"column":12},"end":{"line":310,"column":24}},"65":{"start":{"line":313,"column":8},"end":{"line":313,"column":19}},"66":{"start":{"line":317,"column":0},"end":{"line":319,"column":1}}},"fnMap":{"0":{"name":"(anonymous_0)","decl":{"start":{"line":37,"column":4},"end":{"line":37,"column":5}},"loc":{"start":{"line":37,"column":41},"end":{"line":66,"column":5}},"line":37},"1":{"name":"(anonymous_1)","decl":{"start":{"line":57,"column":19},"end":{"line":57,"column":20}},"loc":{"start":{"line":57,"column":32},"end":{"line":63,"column":13}},"line":57},"2":{"name":"(anonymous_2)","decl":{"start":{"line":76,"column":4},"end":{"line":76,"column":5}},"loc":{"start":{"line":76,"column":49},"end":{"line":104,"column":5}},"line":76},"3":{"name":"(anonymous_3)","decl":{"start":{"line":112,"column":4},"end":{"line":112,"column":5}},"loc":{"start":{"line":112,"column":42},"end":{"line":135,"column":5}},"line":112},"4":{"name":"(anonymous_4)","decl":{"start":{"line":143,"column":4},"end":{"line":143,"column":5}},"loc":{"start":{"line":143,"column":41},"end":{"line":162,"column":5}},"line":143},"5":{"name":"(anonymous_5)","decl":{"start":{"line":171,"column":4},"end":{"line":171,"column":5}},"loc":{"start":{"line":171,"column":64},"end":{"line":208,"column":5}},"line":171},"6":{"name":"(anonymous_6)","decl":{"start":{"line":218,"column":4},"end":{"line":218,"column":5}},"loc":{"start":{"line":218,"column":54},"end":{"line":270,"column":5}},"line":218},"7":{"name":"(anonymous_7)","decl":{"start":{"line":279,"column":4},"end":{"line":279,"column":5}},"loc":{"start":{"line":279,"column":48},"end":{"line":292,"column":5}},"line":279},"8":{"name":"(anonymous_8)","decl":{"start":{"line":301,"column":4},"end":{"line":301,"column":5}},"loc":{"start":{"line":301,"column":44},"end":{"line":314,"column":5}},"line":301}},"branchMap":{"0":{"loc":{"start":{"line":37,"column":27},"end":{"line":37,"column":39}},"type":"default-arg","locations":[{"start":{"line":37,"column":37},"end":{"line":37,"column":39}}],"line":37},"1":{"loc":{"start":{"line":58,"column":16},"end":{"line":60,"column":17}},"type":"if","locations":[{"start":{"line":58,"column":16},"end":{"line":60,"column":17}},{"start":{},"end":{}}],"line":58},"2":{"loc":{"start":{"line":119,"column":8},"end":{"line":121,"column":9}},"type":"if","locations":[{"start":{"line":119,"column":8},"end":{"line":121,"column":9}},{"start":{},"end":{}}],"line":119},"3":{"loc":{"start":{"line":123,"column":8},"end":{"line":128,"column":9}},"type":"if","locations":[{"start":{"line":123,"column":8},"end":{"line":128,"column":9}},{"start":{},"end":{}}],"line":123},"4":{"loc":{"start":{"line":150,"column":8},"end":{"line":152,"column":9}},"type":"if","locations":[{"start":{"line":150,"column":8},"end":{"line":152,"column":9}},{"start":{},"end":{}}],"line":150},"5":{"loc":{"start":{"line":154,"column":8},"end":{"line":159,"column":9}},"type":"if","locations":[{"start":{"line":154,"column":8},"end":{"line":159,"column":9}},{"start":{},"end":{}}],"line":154},"6":{"loc":{"start":{"line":172,"column":8},"end":{"line":177,"column":9}},"type":"if","locations":[{"start":{"line":172,"column":8},"end":{"line":177,"column":9}},{"start":{},"end":{}}],"line":172},"7":{"loc":{"start":{"line":185,"column":8},"end":{"line":187,"column":9}},"type":"if","locations":[{"start":{"line":185,"column":8},"end":{"line":187,"column":9}},{"start":{},"end":{}}],"line":185},"8":{"loc":{"start":{"line":189,"column":8},"end":{"line":194,"column":9}},"type":"if","locations":[{"start":{"line":189,"column":8},"end":{"line":194,"column":9}},{"start":{},"end":{}}],"line":189},"9":{"loc":{"start":{"line":196,"column":8},"end":{"line":201,"column":9}},"type":"if","locations":[{"start":{"line":196,"column":8},"end":{"line":201,"column":9}},{"start":{},"end":{}}],"line":196},"10":{"loc":{"start":{"line":230,"column":8},"end":{"line":232,"column":9}},"type":"if","locations":[{"start":{"line":230,"column":8},"end":{"line":232,"column":9}},{"start":{},"end":{}}],"line":230},"11":{"loc":{"start":{"line":240,"column":8},"end":{"line":242,"column":9}},"type":"if","locations":[{"start":{"line":240,"column":8},"end":{"line":242,"column":9}},{"start":{},"end":{}}],"line":240},"12":{"loc":{"start":{"line":250,"column":8},"end":{"line":254,"column":9}},"type":"if","locations":[{"start":{"line":250,"column":8},"end":{"line":254,"column":9}},{"start":{},"end":{}}],"line":250},"13":{"loc":{"start":{"line":261,"column":8},"end":{"line":265,"column":9}},"type":"if","locations":[{"start":{"line":261,"column":8},"end":{"line":265,"column":9}},{"start":{},"end":{}}],"line":261},"14":{"loc":{"start":{"line":287,"column":8},"end":{"line":289,"column":9}},"type":"if","locations":[{"start":{"line":287,"column":8},"end":{"line":289,"column":9}},{"start":{},"end":{}}],"line":287},"15":{"loc":{"start":{"line":309,"column":8},"end":{"line":311,"column":9}},"type":"if","locations":[{"start":{"line":309,"column":8},"end":{"line":311,"column":9}},{"start":{},"end":{}}],"line":309}},"s":{"0":2,"1":2,"2":2,"3":2,"4":2,"5":2,"6":2,"7":3,"8":3,"9":3,"10":1,"11":2,"12":3,"13":3,"14":3,"15":2,"16":1,"17":1,"18":1,"19":1,"20":3,"21":3,"22":1,"23":2,"24":1,"25":1,"26":3,"27":3,"28":1,"29":2,"30":1,"31":1,"32":5,"33":1,"34":4,"35":4,"36":1,"37":3,"38":1,"39":2,"40":1,"41":1,"42":6,"43":6,"44":1,"45":5,"46":1,"47":4,"48":4,"49":1,"50":3,"51":3,"52":3,"53":1,"54":2,"55":2,"56":1,"57":1,"58":2,"59":2,"60":1,"61":1,"62":2,"63":2,"64":1,"65":1,"66":2},"f":{"0":3,"1":3,"2":3,"3":3,"4":3,"5":5,"6":6,"7":2,"8":2},"b":{"0":[1],"1":[1,2],"2":[1,2],"3":[1,1],"4":[1,2],"5":[1,1],"6":[1,4],"7":[1,3],"8":[1,2],"9":[1,1],"10":[1,4],"11":[1,3],"12":[1,2],"13":[1,1],"14":[1,1],"15":[1,1]},"_coverageSchema":"1a1c01bbd47fc00a2c39e90264f33305004495a9","hash":"a1467f507ba627f1dcd02e4b0a988a07be836ae6"}
,"/Users/jamiecermak/Projects/personal/houselist-server/lib/ListMembers.js": {"path":"/Users/jamiecermak/Projects/personal/houselist-server/lib/ListMembers.js","statementMap":{"0":{"start":{"line":1,"column":21},"end":{"line":1,"column":48}},"1":{"start":{"line":12,"column":23},"end":{"line":23,"column":20}},"2":{"start":{"line":25,"column":8},"end":{"line":27,"column":9}},"3":{"start":{"line":26,"column":12},"end":{"line":26,"column":24}},"4":{"start":{"line":29,"column":8},"end":{"line":29,"column":19}},"5":{"start":{"line":40,"column":29},"end":{"line":40,"column":71}},"6":{"start":{"line":42,"column":8},"end":{"line":44,"column":9}},"7":{"start":{"line":43,"column":12},"end":{"line":43,"column":18}},"8":{"start":{"line":46,"column":8},"end":{"line":50,"column":10}},"9":{"start":{"line":60,"column":29},"end":{"line":60,"column":74}},"10":{"start":{"line":62,"column":8},"end":{"line":64,"column":9}},"11":{"start":{"line":63,"column":12},"end":{"line":63,"column":18}},"12":{"start":{"line":66,"column":8},"end":{"line":69,"column":18}},"13":{"start":{"line":80,"column":22},"end":{"line":89,"column":40}},"14":{"start":{"line":93,"column":8},"end":{"line":99,"column":9}},"15":{"start":{"line":94,"column":12},"end":{"line":94,"column":41}},"16":{"start":{"line":96,"column":12},"end":{"line":98,"column":67}},"17":{"start":{"line":101,"column":8},"end":{"line":101,"column":54}},"18":{"start":{"line":101,"column":39},"end":{"line":101,"column":53}},"19":{"start":{"line":105,"column":0},"end":{"line":105,"column":35}}},"fnMap":{"0":{"name":"(anonymous_0)","decl":{"start":{"line":11,"column":4},"end":{"line":11,"column":5}},"loc":{"start":{"line":11,"column":39},"end":{"line":30,"column":5}},"line":11},"1":{"name":"(anonymous_1)","decl":{"start":{"line":39,"column":4},"end":{"line":39,"column":5}},"loc":{"start":{"line":39,"column":53},"end":{"line":51,"column":5}},"line":39},"2":{"name":"(anonymous_2)","decl":{"start":{"line":59,"column":4},"end":{"line":59,"column":5}},"loc":{"start":{"line":59,"column":60},"end":{"line":70,"column":5}},"line":59},"3":{"name":"(anonymous_3)","decl":{"start":{"line":79,"column":4},"end":{"line":79,"column":5}},"loc":{"start":{"line":79,"column":56},"end":{"line":102,"column":5}},"line":79},"4":{"name":"(anonymous_4)","decl":{"start":{"line":101,"column":27},"end":{"line":101,"column":28}},"loc":{"start":{"line":101,"column":39},"end":{"line":101,"column":53}},"line":101}},"branchMap":{"0":{"loc":{"start":{"line":25,"column":8},"end":{"line":27,"column":9}},"type":"if","locations":[{"start":{"line":25,"column":8},"end":{"line":27,"column":9}},{"start":{},"end":{}}],"line":25},"1":{"loc":{"start":{"line":42,"column":8},"end":{"line":44,"column":9}},"type":"if","locations":[{"start":{"line":42,"column":8},"end":{"line":44,"column":9}},{"start":{},"end":{}}],"line":42},"2":{"loc":{"start":{"line":62,"column":8},"end":{"line":64,"column":9}},"type":"if","locations":[{"start":{"line":62,"column":8},"end":{"line":64,"column":9}},{"start":{},"end":{}}],"line":62},"3":{"loc":{"start":{"line":79,"column":35},"end":{"line":79,"column":54}},"type":"default-arg","locations":[{"start":{"line":79,"column":52},"end":{"line":79,"column":54}}],"line":79},"4":{"loc":{"start":{"line":93,"column":8},"end":{"line":99,"column":9}},"type":"if","locations":[{"start":{"line":93,"column":8},"end":{"line":99,"column":9}},{"start":{"line":95,"column":15},"end":{"line":99,"column":9}}],"line":93}},"s":{"0":4,"1":2,"2":2,"3":1,"4":1,"5":2,"6":2,"7":1,"8":1,"9":2,"10":2,"11":1,"12":1,"13":2,"14":2,"15":1,"16":1,"17":2,"18":6,"19":4},"f":{"0":2,"1":2,"2":2,"3":2,"4":6},"b":{"0":[1,1],"1":[1,1],"2":[1,1],"3":[1],"4":[1,1]},"_coverageSchema":"1a1c01bbd47fc00a2c39e90264f33305004495a9","hash":"5f1a55f4386b630631e04e5fd8ee78c676769b1b"}
,"/Users/jamiecermak/Projects/personal/houselist-server/lib/ListPriorities.js": {"path":"/Users/jamiecermak/Projects/personal/houselist-server/lib/ListPriorities.js","statementMap":{"0":{"start":{"line":2,"column":20},"end":{"line":2,"column":21}},"1":{"start":{"line":3,"column":20},"end":{"line":3,"column":21}},"2":{"start":{"line":11,"column":8},"end":{"line":11,"column":39}},"3":{"start":{"line":20,"column":8},"end":{"line":20,"column":67}},"4":{"start":{"line":24,"column":0},"end":{"line":24,"column":38}}},"fnMap":{"0":{"name":"(anonymous_0)","decl":{"start":{"line":10,"column":4},"end":{"line":10,"column":5}},"loc":{"start":{"line":10,"column":32},"end":{"line":12,"column":5}},"line":10},"1":{"name":"(anonymous_1)","decl":{"start":{"line":19,"column":4},"end":{"line":19,"column":5}},"loc":{"start":{"line":19,"column":27},"end":{"line":21,"column":5}},"line":19}},"branchMap":{},"s":{"0":3,"1":3,"2":2,"3":7,"4":3},"f":{"0":2,"1":7},"b":{},"_coverageSchema":"1a1c01bbd47fc00a2c39e90264f33305004495a9","hash":"d03a274e2b97dcdcc5af6ee4b4056c78796800ba"}
,"/Users/jamiecermak/Projects/personal/houselist-server/lib/Lists.js": {"path":"/Users/jamiecermak/Projects/personal/houselist-server/lib/Lists.js","statementMap":{"0":{"start":{"line":1,"column":21},"end":{"line":1,"column":48}},"1":{"start":{"line":2,"column":12},"end":{"line":2,"column":26}},"2":{"start":{"line":6,"column":4},"end":{"line":6,"column":35}},"3":{"start":{"line":9,"column":26},"end":{"line":16,"column":24}},"4":{"start":{"line":25,"column":22},"end":{"line":39,"column":14}},"5":{"start":{"line":34,"column":16},"end":{"line":38,"column":17}},"6":{"start":{"line":41,"column":8},"end":{"line":41,"column":20}},"7":{"start":{"line":54,"column":20},"end":{"line":54,"column":29}},"8":{"start":{"line":56,"column":8},"end":{"line":58,"column":9}},"9":{"start":{"line":57,"column":12},"end":{"line":57,"column":24}},"10":{"start":{"line":60,"column":21},"end":{"line":69,"column":28}},"11":{"start":{"line":71,"column":8},"end":{"line":76,"column":9}},"12":{"start":{"line":72,"column":12},"end":{"line":75,"column":13}},"13":{"start":{"line":78,"column":23},"end":{"line":78,"column":30}},"14":{"start":{"line":80,"column":8},"end":{"line":80,"column":21}},"15":{"start":{"line":89,"column":8},"end":{"line":89,"column":58}},"16":{"start":{"line":103,"column":8},"end":{"line":110,"column":9}},"17":{"start":{"line":104,"column":12},"end":{"line":107,"column":14}},"18":{"start":{"line":109,"column":12},"end":{"line":109,"column":45}},"19":{"start":{"line":113,"column":8},"end":{"line":115,"column":9}},"20":{"start":{"line":114,"column":12},"end":{"line":114,"column":45}},"21":{"start":{"line":118,"column":8},"end":{"line":121,"column":33}},"22":{"start":{"line":132,"column":21},"end":{"line":137,"column":20}},"23":{"start":{"line":139,"column":8},"end":{"line":141,"column":9}},"24":{"start":{"line":140,"column":12},"end":{"line":140,"column":24}},"25":{"start":{"line":143,"column":8},"end":{"line":143,"column":19}},"26":{"start":{"line":153,"column":21},"end":{"line":157,"column":20}},"27":{"start":{"line":159,"column":8},"end":{"line":161,"column":9}},"28":{"start":{"line":160,"column":12},"end":{"line":160,"column":49}},"29":{"start":{"line":163,"column":8},"end":{"line":163,"column":19}},"30":{"start":{"line":167,"column":0},"end":{"line":167,"column":29}}},"fnMap":{"0":{"name":"(anonymous_0)","decl":{"start":{"line":24,"column":4},"end":{"line":24,"column":5}},"loc":{"start":{"line":24,"column":34},"end":{"line":42,"column":5}},"line":24},"1":{"name":"(anonymous_1)","decl":{"start":{"line":33,"column":39},"end":{"line":33,"column":40}},"loc":{"start":{"line":33,"column":51},"end":{"line":39,"column":13}},"line":33},"2":{"name":"(anonymous_2)","decl":{"start":{"line":53,"column":4},"end":{"line":53,"column":5}},"loc":{"start":{"line":53,"column":74},"end":{"line":81,"column":5}},"line":53},"3":{"name":"(anonymous_3)","decl":{"start":{"line":88,"column":4},"end":{"line":88,"column":5}},"loc":{"start":{"line":88,"column":23},"end":{"line":90,"column":5}},"line":88},"4":{"name":"(anonymous_4)","decl":{"start":{"line":99,"column":4},"end":{"line":99,"column":5}},"loc":{"start":{"line":99,"column":52},"end":{"line":122,"column":5}},"line":99},"5":{"name":"(anonymous_5)","decl":{"start":{"line":131,"column":4},"end":{"line":131,"column":5}},"loc":{"start":{"line":131,"column":38},"end":{"line":144,"column":5}},"line":131},"6":{"name":"(anonymous_6)","decl":{"start":{"line":152,"column":4},"end":{"line":152,"column":5}},"loc":{"start":{"line":152,"column":26},"end":{"line":164,"column":5}},"line":152}},"branchMap":{"0":{"loc":{"start":{"line":53,"column":56},"end":{"line":53,"column":72}},"type":"default-arg","locations":[{"start":{"line":53,"column":68},"end":{"line":53,"column":72}}],"line":53},"1":{"loc":{"start":{"line":56,"column":8},"end":{"line":58,"column":9}},"type":"if","locations":[{"start":{"line":56,"column":8},"end":{"line":58,"column":9}},{"start":{},"end":{}}],"line":56},"2":{"loc":{"start":{"line":71,"column":8},"end":{"line":76,"column":9}},"type":"if","locations":[{"start":{"line":71,"column":8},"end":{"line":76,"column":9}},{"start":{},"end":{}}],"line":71},"3":{"loc":{"start":{"line":113,"column":8},"end":{"line":115,"column":9}},"type":"if","locations":[{"start":{"line":113,"column":8},"end":{"line":115,"column":9}},{"start":{},"end":{}}],"line":113},"4":{"loc":{"start":{"line":139,"column":8},"end":{"line":141,"column":9}},"type":"if","locations":[{"start":{"line":139,"column":8},"end":{"line":141,"column":9}},{"start":{},"end":{}}],"line":139},"5":{"loc":{"start":{"line":159,"column":8},"end":{"line":161,"column":9}},"type":"if","locations":[{"start":{"line":159,"column":8},"end":{"line":161,"column":9}},{"start":{},"end":{}}],"line":159}},"s":{"0":2,"1":2,"2":2,"3":2,"4":2,"5":2,"6":2,"7":4,"8":4,"9":2,"10":4,"11":4,"12":1,"13":3,"14":3,"15":1,"16":4,"17":4,"18":2,"19":2,"20":1,"21":1,"22":2,"23":2,"24":1,"25":1,"26":2,"27":2,"28":1,"29":1,"30":2},"f":{"0":2,"1":2,"2":4,"3":1,"4":4,"5":2,"6":2},"b":{"0":[1],"1":[2,2],"2":[1,3],"3":[1,1],"4":[1,1],"5":[1,1]},"_coverageSchema":"1a1c01bbd47fc00a2c39e90264f33305004495a9","hash":"5fcb64b67a0f05889a859cd9814b29e82919d998"}
,"/Users/jamiecermak/Projects/personal/houselist-server/lib/UserProfileImages.js": {"path":"/Users/jamiecermak/Projects/personal/houselist-server/lib/UserProfileImages.js","statementMap":{"0":{"start":{"line":1,"column":14},"end":{"line":1,"column":30}},"1":{"start":{"line":2,"column":13},"end":{"line":2,"column":28}},"2":{"start":{"line":3,"column":12},"end":{"line":3,"column":34}},"3":{"start":{"line":13,"column":8},"end":{"line":20,"column":23}},"4":{"start":{"line":28,"column":8},"end":{"line":28,"column":48}},"5":{"start":{"line":39,"column":33},"end":{"line":39,"column":71}},"6":{"start":{"line":41,"column":8},"end":{"line":45,"column":10}},"7":{"start":{"line":49,"column":0},"end":{"line":51,"column":1}}},"fnMap":{"0":{"name":"(anonymous_0)","decl":{"start":{"line":12,"column":4},"end":{"line":12,"column":5}},"loc":{"start":{"line":12,"column":38},"end":{"line":21,"column":5}},"line":12},"1":{"name":"(anonymous_1)","decl":{"start":{"line":27,"column":4},"end":{"line":27,"column":5}},"loc":{"start":{"line":27,"column":31},"end":{"line":29,"column":5}},"line":27},"2":{"name":"(anonymous_2)","decl":{"start":{"line":38,"column":4},"end":{"line":38,"column":5}},"loc":{"start":{"line":38,"column":59},"end":{"line":46,"column":5}},"line":38}},"branchMap":{},"s":{"0":5,"1":5,"2":5,"3":1,"4":1,"5":1,"6":1,"7":5},"f":{"0":1,"1":1,"2":1},"b":{},"_coverageSchema":"1a1c01bbd47fc00a2c39e90264f33305004495a9","hash":"4c1b0da43337774fae97eb7834b50e6aa0b1f962"}
,"/Users/jamiecermak/Projects/personal/houselist-server/lib/Users.js": {"path":"/Users/jamiecermak/Projects/personal/houselist-server/lib/Users.js","statementMap":{"0":{"start":{"line":1,"column":30},"end":{"line":1,"column":52}},"1":{"start":{"line":2,"column":21},"end":{"line":2,"column":48}},"2":{"start":{"line":3,"column":16},"end":{"line":3,"column":42}},"3":{"start":{"line":8,"column":4},"end":{"line":8,"column":35}},"4":{"start":{"line":9,"column":33},"end":{"line":9,"column":63}},"5":{"start":{"line":20,"column":21},"end":{"line":25,"column":20}},"6":{"start":{"line":27,"column":8},"end":{"line":29,"column":9}},"7":{"start":{"line":28,"column":12},"end":{"line":28,"column":49}},"8":{"start":{"line":32,"column":8},"end":{"line":34,"column":10}},"9":{"start":{"line":39,"column":21},"end":{"line":44,"column":20}},"10":{"start":{"line":46,"column":8},"end":{"line":48,"column":9}},"11":{"start":{"line":47,"column":12},"end":{"line":47,"column":49}},"12":{"start":{"line":50,"column":8},"end":{"line":50,"column":28}},"13":{"start":{"line":60,"column":21},"end":{"line":65,"column":20}},"14":{"start":{"line":68,"column":8},"end":{"line":70,"column":9}},"15":{"start":{"line":69,"column":12},"end":{"line":69,"column":49}},"16":{"start":{"line":72,"column":8},"end":{"line":77,"column":9}},"17":{"start":{"line":87,"column":21},"end":{"line":87,"column":57}},"18":{"start":{"line":90,"column":8},"end":{"line":95,"column":9}},"19":{"start":{"line":91,"column":12},"end":{"line":94,"column":13}},"20":{"start":{"line":98,"column":8},"end":{"line":104,"column":9}},"21":{"start":{"line":99,"column":12},"end":{"line":101,"column":14}},"22":{"start":{"line":103,"column":12},"end":{"line":103,"column":45}},"23":{"start":{"line":117,"column":33},"end":{"line":117,"column":59}},"24":{"start":{"line":119,"column":23},"end":{"line":119,"column":51}},"25":{"start":{"line":120,"column":20},"end":{"line":120,"column":63}},"26":{"start":{"line":122,"column":8},"end":{"line":130,"column":9}},"27":{"start":{"line":123,"column":12},"end":{"line":127,"column":13}},"28":{"start":{"line":129,"column":12},"end":{"line":129,"column":67}},"29":{"start":{"line":133,"column":8},"end":{"line":143,"column":9}},"30":{"start":{"line":134,"column":12},"end":{"line":140,"column":18}},"31":{"start":{"line":142,"column":12},"end":{"line":142,"column":45}},"32":{"start":{"line":146,"column":8},"end":{"line":149,"column":9}},"33":{"start":{"line":160,"column":22},"end":{"line":164,"column":34}},"34":{"start":{"line":166,"column":8},"end":{"line":180,"column":10}},"35":{"start":{"line":167,"column":74},"end":{"line":167,"column":78}},"36":{"start":{"line":169,"column":12},"end":{"line":179,"column":13}},"37":{"start":{"line":191,"column":21},"end":{"line":196,"column":20}},"38":{"start":{"line":198,"column":8},"end":{"line":203,"column":9}},"39":{"start":{"line":199,"column":12},"end":{"line":202,"column":13}},"40":{"start":{"line":205,"column":8},"end":{"line":205,"column":22}},"41":{"start":{"line":218,"column":27},"end":{"line":218,"column":75}},"42":{"start":{"line":220,"column":8},"end":{"line":225,"column":9}},"43":{"start":{"line":221,"column":12},"end":{"line":224,"column":13}},"44":{"start":{"line":227,"column":21},"end":{"line":235,"column":28}},"45":{"start":{"line":237,"column":23},"end":{"line":237,"column":30}},"46":{"start":{"line":239,"column":8},"end":{"line":239,"column":21}},"47":{"start":{"line":249,"column":8},"end":{"line":255,"column":9}},"48":{"start":{"line":250,"column":12},"end":{"line":250,"column":60}},"49":{"start":{"line":252,"column":12},"end":{"line":252,"column":23}},"50":{"start":{"line":254,"column":12},"end":{"line":254,"column":24}},"51":{"start":{"line":259,"column":0},"end":{"line":261,"column":1}}},"fnMap":{"0":{"name":"(anonymous_0)","decl":{"start":{"line":18,"column":4},"end":{"line":18,"column":5}},"loc":{"start":{"line":18,"column":43},"end":{"line":35,"column":5}},"line":18},"1":{"name":"(anonymous_1)","decl":{"start":{"line":37,"column":4},"end":{"line":37,"column":5}},"loc":{"start":{"line":37,"column":30},"end":{"line":51,"column":5}},"line":37},"2":{"name":"(anonymous_2)","decl":{"start":{"line":58,"column":4},"end":{"line":58,"column":5}},"loc":{"start":{"line":58,"column":36},"end":{"line":78,"column":5}},"line":58},"3":{"name":"(anonymous_3)","decl":{"start":{"line":86,"column":4},"end":{"line":86,"column":5}},"loc":{"start":{"line":86,"column":43},"end":{"line":105,"column":5}},"line":86},"4":{"name":"(anonymous_4)","decl":{"start":{"line":115,"column":4},"end":{"line":115,"column":5}},"loc":{"start":{"line":115,"column":54},"end":{"line":150,"column":5}},"line":115},"5":{"name":"(anonymous_5)","decl":{"start":{"line":159,"column":4},"end":{"line":159,"column":5}},"loc":{"start":{"line":159,"column":33},"end":{"line":181,"column":5}},"line":159},"6":{"name":"(anonymous_6)","decl":{"start":{"line":166,"column":25},"end":{"line":166,"column":26}},"loc":{"start":{"line":166,"column":35},"end":{"line":180,"column":9}},"line":166},"7":{"name":"(anonymous_7)","decl":{"start":{"line":190,"column":4},"end":{"line":190,"column":5}},"loc":{"start":{"line":190,"column":48},"end":{"line":206,"column":5}},"line":190},"8":{"name":"(anonymous_8)","decl":{"start":{"line":217,"column":4},"end":{"line":217,"column":5}},"loc":{"start":{"line":217,"column":62},"end":{"line":240,"column":5}},"line":217},"9":{"name":"(anonymous_9)","decl":{"start":{"line":248,"column":4},"end":{"line":248,"column":5}},"loc":{"start":{"line":248,"column":47},"end":{"line":256,"column":5}},"line":248}},"branchMap":{"0":{"loc":{"start":{"line":27,"column":8},"end":{"line":29,"column":9}},"type":"if","locations":[{"start":{"line":27,"column":8},"end":{"line":29,"column":9}},{"start":{},"end":{}}],"line":27},"1":{"loc":{"start":{"line":46,"column":8},"end":{"line":48,"column":9}},"type":"if","locations":[{"start":{"line":46,"column":8},"end":{"line":48,"column":9}},{"start":{},"end":{}}],"line":46},"2":{"loc":{"start":{"line":68,"column":8},"end":{"line":70,"column":9}},"type":"if","locations":[{"start":{"line":68,"column":8},"end":{"line":70,"column":9}},{"start":{},"end":{}}],"line":68},"3":{"loc":{"start":{"line":90,"column":8},"end":{"line":95,"column":9}},"type":"if","locations":[{"start":{"line":90,"column":8},"end":{"line":95,"column":9}},{"start":{},"end":{}}],"line":90},"4":{"loc":{"start":{"line":173,"column":20},"end":{"line":178,"column":30}},"type":"cond-expr","locations":[{"start":{"line":174,"column":26},"end":{"line":177,"column":27}},{"start":{"line":178,"column":26},"end":{"line":178,"column":30}}],"line":173},"5":{"loc":{"start":{"line":173,"column":20},"end":{"line":173,"column":61}},"type":"binary-expr","locations":[{"start":{"line":173,"column":20},"end":{"line":173,"column":40}},{"start":{"line":173,"column":44},"end":{"line":173,"column":61}}],"line":173},"6":{"loc":{"start":{"line":198,"column":8},"end":{"line":203,"column":9}},"type":"if","locations":[{"start":{"line":198,"column":8},"end":{"line":203,"column":9}},{"start":{},"end":{}}],"line":198},"7":{"loc":{"start":{"line":220,"column":8},"end":{"line":225,"column":9}},"type":"if","locations":[{"start":{"line":220,"column":8},"end":{"line":225,"column":9}},{"start":{},"end":{}}],"line":220}},"s":{"0":4,"1":4,"2":4,"3":4,"4":4,"5":1,"6":1,"7":0,"8":1,"9":0,"10":0,"11":0,"12":0,"13":2,"14":2,"15":1,"16":1,"17":3,"18":3,"19":1,"20":2,"21":2,"22":1,"23":3,"24":3,"25":3,"26":3,"27":3,"28":1,"29":2,"30":2,"31":1,"32":1,"33":1,"34":1,"35":3,"36":3,"37":2,"38":2,"39":1,"40":1,"41":2,"42":2,"43":1,"44":1,"45":1,"46":1,"47":2,"48":2,"49":1,"50":1,"51":4},"f":{"0":1,"1":0,"2":2,"3":3,"4":3,"5":1,"6":3,"7":2,"8":2,"9":2},"b":{"0":[0,1],"1":[0,0],"2":[1,1],"3":[1,2],"4":[2,1],"5":[3,2],"6":[1,1],"7":[1,1]},"_coverageSchema":"1a1c01bbd47fc00a2c39e90264f33305004495a9","hash":"02fc276493815f7712c463f03cca3d30d1719537"}
,"/Users/jamiecermak/Projects/personal/houselist-server/lib/EmailService/EmailHtml.js": {"path":"/Users/jamiecermak/Projects/personal/houselist-server/lib/EmailService/EmailHtml.js","statementMap":{"0":{"start":{"line":1,"column":11},"end":{"line":1,"column":24}},"1":{"start":{"line":2,"column":13},"end":{"line":2,"column":28}},"2":{"start":{"line":9,"column":32},"end":{"line":9,"column":42}},"3":{"start":{"line":10,"column":33},"end":{"line":10,"column":44}},"4":{"start":{"line":20,"column":29},"end":{"line":27,"column":9}},"5":{"start":{"line":29,"column":8},"end":{"line":29,"column":55}},"6":{"start":{"line":39,"column":29},"end":{"line":45,"column":9}},"7":{"start":{"line":47,"column":8},"end":{"line":49,"column":61}},"8":{"start":{"line":49,"column":31},"end":{"line":49,"column":60}},"9":{"start":{"line":53,"column":0},"end":{"line":55,"column":1}}},"fnMap":{"0":{"name":"(anonymous_0)","decl":{"start":{"line":19,"column":4},"end":{"line":19,"column":5}},"loc":{"start":{"line":19,"column":54},"end":{"line":30,"column":5}},"line":19},"1":{"name":"(anonymous_1)","decl":{"start":{"line":38,"column":4},"end":{"line":38,"column":5}},"loc":{"start":{"line":38,"column":45},"end":{"line":50,"column":5}},"line":38},"2":{"name":"(anonymous_2)","decl":{"start":{"line":49,"column":17},"end":{"line":49,"column":18}},"loc":{"start":{"line":49,"column":31},"end":{"line":49,"column":60}},"line":49}},"branchMap":{},"s":{"0":1,"1":1,"2":1,"3":1,"4":2,"5":2,"6":2,"7":2,"8":2,"9":1},"f":{"0":2,"1":2,"2":2},"b":{},"_coverageSchema":"1a1c01bbd47fc00a2c39e90264f33305004495a9","hash":"10ba604b9f5526573195043a06267aec621300a6"}
,"/Users/jamiecermak/Projects/personal/houselist-server/middleware/AppErrorHandler.js": {"path":"/Users/jamiecermak/Projects/personal/houselist-server/middleware/AppErrorHandler.js","statementMap":{"0":{"start":{"line":1,"column":26},"end":{"line":1,"column":57}},"1":{"start":{"line":13,"column":4},"end":{"line":15,"column":5}},"2":{"start":{"line":14,"column":8},"end":{"line":14,"column":24}},"3":{"start":{"line":18,"column":8},"end":{"line":18,"column":40}},"4":{"start":{"line":20,"column":4},"end":{"line":20,"column":26}},"5":{"start":{"line":21,"column":4},"end":{"line":25,"column":6}},"6":{"start":{"line":28,"column":0},"end":{"line":30,"column":1}}},"fnMap":{"0":{"name":"AppErrorHandler","decl":{"start":{"line":12,"column":9},"end":{"line":12,"column":24}},"loc":{"start":{"line":12,"column":46},"end":{"line":26,"column":1}},"line":12}},"branchMap":{"0":{"loc":{"start":{"line":13,"column":4},"end":{"line":15,"column":5}},"type":"if","locations":[{"start":{"line":13,"column":4},"end":{"line":15,"column":5}},{"start":{},"end":{}}],"line":13}},"s":{"0":1,"1":4,"2":1,"3":3,"4":3,"5":3,"6":1},"f":{"0":4},"b":{"0":[1,3]},"_coverageSchema":"1a1c01bbd47fc00a2c39e90264f33305004495a9","hash":"f79c469bfe1da571f7d2ee238bb559946232c85a"}
,"/Users/jamiecermak/Projects/personal/houselist-server/middleware/ErrorHandler.js": {"path":"/Users/jamiecermak/Projects/personal/houselist-server/middleware/ErrorHandler.js","statementMap":{"0":{"start":{"line":8,"column":4},"end":{"line":14,"column":5}},"1":{"start":{"line":9,"column":8},"end":{"line":13,"column":9}},"2":{"start":{"line":10,"column":12},"end":{"line":10,"column":30}},"3":{"start":{"line":12,"column":12},"end":{"line":12,"column":27}},"4":{"start":{"line":17,"column":0},"end":{"line":17,"column":33}}},"fnMap":{"0":{"name":"ErrorHandler","decl":{"start":{"line":7,"column":9},"end":{"line":7,"column":21}},"loc":{"start":{"line":7,"column":26},"end":{"line":15,"column":1}},"line":7},"1":{"name":"(anonymous_1)","decl":{"start":{"line":8,"column":11},"end":{"line":8,"column":12}},"loc":{"start":{"line":8,"column":37},"end":{"line":14,"column":5}},"line":8}},"branchMap":{},"s":{"0":3,"1":2,"2":2,"3":1,"4":1},"f":{"0":3,"1":2},"b":{},"_coverageSchema":"1a1c01bbd47fc00a2c39e90264f33305004495a9","hash":"1621b7bd276d1a6f1a713a98d8893cbaae52c870"}
,"/Users/jamiecermak/Projects/personal/houselist-server/middleware/IsAuthorised.js": {"path":"/Users/jamiecermak/Projects/personal/houselist-server/middleware/IsAuthorised.js","statementMap":{"0":{"start":{"line":1,"column":29},"end":{"line":1,"column":60}},"1":{"start":{"line":2,"column":28},"end":{"line":2,"column":59}},"2":{"start":{"line":13,"column":23},"end":{"line":13,"column":47}},"3":{"start":{"line":15,"column":4},"end":{"line":17,"column":5}},"4":{"start":{"line":16,"column":8},"end":{"line":16,"column":59}},"5":{"start":{"line":19,"column":26},"end":{"line":19,"column":48}},"6":{"start":{"line":21,"column":4},"end":{"line":29,"column":5}},"7":{"start":{"line":22,"column":23},"end":{"line":22,"column":67}},"8":{"start":{"line":24,"column":8},"end":{"line":26,"column":9}},"9":{"start":{"line":28,"column":8},"end":{"line":28,"column":23}},"10":{"start":{"line":31,"column":4},"end":{"line":31,"column":10}},"11":{"start":{"line":34,"column":0},"end":{"line":36,"column":1}}},"fnMap":{"0":{"name":"IsAuthorised","decl":{"start":{"line":12,"column":15},"end":{"line":12,"column":27}},"loc":{"start":{"line":12,"column":44},"end":{"line":32,"column":1}},"line":12}},"branchMap":{"0":{"loc":{"start":{"line":15,"column":4},"end":{"line":17,"column":5}},"type":"if","locations":[{"start":{"line":15,"column":4},"end":{"line":17,"column":5}},{"start":{},"end":{}}],"line":15}},"s":{"0":1,"1":1,"2":4,"3":4,"4":1,"5":4,"6":4,"7":4,"8":2,"9":2,"10":2,"11":1},"f":{"0":4},"b":{"0":[1,3]},"_coverageSchema":"1a1c01bbd47fc00a2c39e90264f33305004495a9","hash":"66d1e61b5be48ce1cc1637f401418252a36a9abc"}
,"/Users/jamiecermak/Projects/personal/houselist-server/middleware/ListItemValidator.js": {"path":"/Users/jamiecermak/Projects/personal/houselist-server/middleware/ListItemValidator.js","statementMap":{"0":{"start":{"line":1,"column":12},"end":{"line":1,"column":26}},"1":{"start":{"line":2,"column":25},"end":{"line":2,"column":52}},"2":{"start":{"line":6,"column":4},"end":{"line":6,"column":35}},"3":{"start":{"line":7,"column":29},"end":{"line":7,"column":58}},"4":{"start":{"line":13,"column":4},"end":{"line":54,"column":5}},"5":{"start":{"line":14,"column":32},"end":{"line":22,"column":9}},"6":{"start":{"line":24,"column":8},"end":{"line":53,"column":10}},"7":{"start":{"line":25,"column":12},"end":{"line":25,"column":35}},"8":{"start":{"line":25,"column":20},"end":{"line":25,"column":35}},"9":{"start":{"line":27,"column":39},"end":{"line":27,"column":57}},"10":{"start":{"line":29,"column":30},"end":{"line":29,"column":48}},"11":{"start":{"line":31,"column":34},"end":{"line":31,"column":79}},"12":{"start":{"line":33,"column":12},"end":{"line":35,"column":13}},"13":{"start":{"line":34,"column":16},"end":{"line":34,"column":65}},"14":{"start":{"line":37,"column":12},"end":{"line":50,"column":13}},"15":{"start":{"line":38,"column":38},"end":{"line":41,"column":17}},"16":{"start":{"line":43,"column":16},"end":{"line":49,"column":17}},"17":{"start":{"line":44,"column":20},"end":{"line":48,"column":21}},"18":{"start":{"line":52,"column":12},"end":{"line":52,"column":18}},"19":{"start":{"line":57,"column":0},"end":{"line":57,"column":38}}},"fnMap":{"0":{"name":"ListItemValidator","decl":{"start":{"line":12,"column":9},"end":{"line":12,"column":26}},"loc":{"start":{"line":12,"column":41},"end":{"line":55,"column":1}},"line":12},"1":{"name":"(anonymous_1)","decl":{"start":{"line":13,"column":11},"end":{"line":13,"column":12}},"loc":{"start":{"line":13,"column":37},"end":{"line":54,"column":5}},"line":13},"2":{"name":"(anonymous_2)","decl":{"start":{"line":24,"column":41},"end":{"line":24,"column":42}},"loc":{"start":{"line":24,"column":55},"end":{"line":53,"column":9}},"line":24}},"branchMap":{"0":{"loc":{"start":{"line":12,"column":27},"end":{"line":12,"column":39}},"type":"default-arg","locations":[{"start":{"line":12,"column":37},"end":{"line":12,"column":39}}],"line":12},"1":{"loc":{"start":{"line":25,"column":12},"end":{"line":25,"column":35}},"type":"if","locations":[{"start":{"line":25,"column":12},"end":{"line":25,"column":35}},{"start":{},"end":{}}],"line":25},"2":{"loc":{"start":{"line":33,"column":12},"end":{"line":35,"column":13}},"type":"if","locations":[{"start":{"line":33,"column":12},"end":{"line":35,"column":13}},{"start":{},"end":{}}],"line":33},"3":{"loc":{"start":{"line":37,"column":12},"end":{"line":50,"column":13}},"type":"if","locations":[{"start":{"line":37,"column":12},"end":{"line":50,"column":13}},{"start":{},"end":{}}],"line":37},"4":{"loc":{"start":{"line":43,"column":16},"end":{"line":49,"column":17}},"type":"if","locations":[{"start":{"line":43,"column":16},"end":{"line":49,"column":17}},{"start":{},"end":{}}],"line":43}},"s":{"0":1,"1":1,"2":1,"3":1,"4":4,"5":4,"6":4,"7":4,"8":0,"9":4,"10":4,"11":4,"12":4,"13":1,"14":3,"15":2,"16":2,"17":1,"18":2,"19":1},"f":{"0":4,"1":4,"2":4},"b":{"0":[2],"1":[0,4],"2":[1,3],"3":[2,1],"4":[1,1]},"_coverageSchema":"1a1c01bbd47fc00a2c39e90264f33305004495a9","hash":"6a3d11fa874ebe51d579be8cf602b2dac5707411"}
,"/Users/jamiecermak/Projects/personal/houselist-server/middleware/ListMemberValidator.js": {"path":"/Users/jamiecermak/Projects/personal/houselist-server/middleware/ListMemberValidator.js","statementMap":{"0":{"start":{"line":1,"column":12},"end":{"line":1,"column":26}},"1":{"start":{"line":2,"column":27},"end":{"line":2,"column":56}},"2":{"start":{"line":3,"column":35},"end":{"line":3,"column":66}},"3":{"start":{"line":4,"column":29},"end":{"line":4,"column":58}},"4":{"start":{"line":10,"column":4},"end":{"line":42,"column":5}},"5":{"start":{"line":11,"column":32},"end":{"line":18,"column":9}},"6":{"start":{"line":20,"column":8},"end":{"line":41,"column":10}},"7":{"start":{"line":21,"column":12},"end":{"line":21,"column":35}},"8":{"start":{"line":21,"column":20},"end":{"line":21,"column":35}},"9":{"start":{"line":23,"column":27},"end":{"line":23,"column":52}},"10":{"start":{"line":25,"column":32},"end":{"line":25,"column":52}},"11":{"start":{"line":27,"column":33},"end":{"line":30,"column":13}},"12":{"start":{"line":32,"column":12},"end":{"line":38,"column":13}},"13":{"start":{"line":33,"column":16},"end":{"line":37,"column":17}},"14":{"start":{"line":40,"column":12},"end":{"line":40,"column":18}},"15":{"start":{"line":45,"column":0},"end":{"line":45,"column":40}}},"fnMap":{"0":{"name":"ListMemberValidator","decl":{"start":{"line":9,"column":9},"end":{"line":9,"column":28}},"loc":{"start":{"line":9,"column":31},"end":{"line":43,"column":1}},"line":9},"1":{"name":"(anonymous_1)","decl":{"start":{"line":10,"column":11},"end":{"line":10,"column":12}},"loc":{"start":{"line":10,"column":37},"end":{"line":42,"column":5}},"line":10},"2":{"name":"(anonymous_2)","decl":{"start":{"line":20,"column":34},"end":{"line":20,"column":35}},"loc":{"start":{"line":20,"column":48},"end":{"line":41,"column":9}},"line":20}},"branchMap":{"0":{"loc":{"start":{"line":21,"column":12},"end":{"line":21,"column":35}},"type":"if","locations":[{"start":{"line":21,"column":12},"end":{"line":21,"column":35}},{"start":{},"end":{}}],"line":21},"1":{"loc":{"start":{"line":32,"column":12},"end":{"line":38,"column":13}},"type":"if","locations":[{"start":{"line":32,"column":12},"end":{"line":38,"column":13}},{"start":{},"end":{}}],"line":32}},"s":{"0":1,"1":1,"2":1,"3":1,"4":2,"5":2,"6":2,"7":2,"8":0,"9":2,"10":2,"11":2,"12":2,"13":1,"14":1,"15":1},"f":{"0":2,"1":2,"2":2},"b":{"0":[0,2],"1":[1,1]},"_coverageSchema":"1a1c01bbd47fc00a2c39e90264f33305004495a9","hash":"f961ec1dbbf022bccb2396a18f2a51b94896449f"}
,"/Users/jamiecermak/Projects/personal/houselist-server/middleware/ListOwnerValidator.js": {"path":"/Users/jamiecermak/Projects/personal/houselist-server/middleware/ListOwnerValidator.js","statementMap":{"0":{"start":{"line":1,"column":12},"end":{"line":1,"column":26}},"1":{"start":{"line":2,"column":21},"end":{"line":2,"column":44}},"2":{"start":{"line":3,"column":35},"end":{"line":3,"column":66}},"3":{"start":{"line":4,"column":29},"end":{"line":4,"column":58}},"4":{"start":{"line":10,"column":4},"end":{"line":39,"column":5}},"5":{"start":{"line":11,"column":32},"end":{"line":18,"column":9}},"6":{"start":{"line":20,"column":8},"end":{"line":38,"column":10}},"7":{"start":{"line":21,"column":12},"end":{"line":21,"column":35}},"8":{"start":{"line":21,"column":20},"end":{"line":21,"column":35}},"9":{"start":{"line":23,"column":27},"end":{"line":23,"column":52}},"10":{"start":{"line":25,"column":26},"end":{"line":25,"column":40}},"11":{"start":{"line":27,"column":32},"end":{"line":27,"column":76}},"12":{"start":{"line":29,"column":12},"end":{"line":35,"column":13}},"13":{"start":{"line":30,"column":16},"end":{"line":34,"column":17}},"14":{"start":{"line":37,"column":12},"end":{"line":37,"column":18}},"15":{"start":{"line":42,"column":0},"end":{"line":42,"column":39}}},"fnMap":{"0":{"name":"ListOwnerValidator","decl":{"start":{"line":9,"column":9},"end":{"line":9,"column":27}},"loc":{"start":{"line":9,"column":30},"end":{"line":40,"column":1}},"line":9},"1":{"name":"(anonymous_1)","decl":{"start":{"line":10,"column":11},"end":{"line":10,"column":12}},"loc":{"start":{"line":10,"column":37},"end":{"line":39,"column":5}},"line":10},"2":{"name":"(anonymous_2)","decl":{"start":{"line":20,"column":34},"end":{"line":20,"column":35}},"loc":{"start":{"line":20,"column":48},"end":{"line":38,"column":9}},"line":20}},"branchMap":{"0":{"loc":{"start":{"line":21,"column":12},"end":{"line":21,"column":35}},"type":"if","locations":[{"start":{"line":21,"column":12},"end":{"line":21,"column":35}},{"start":{},"end":{}}],"line":21},"1":{"loc":{"start":{"line":29,"column":12},"end":{"line":35,"column":13}},"type":"if","locations":[{"start":{"line":29,"column":12},"end":{"line":35,"column":13}},{"start":{},"end":{}}],"line":29}},"s":{"0":1,"1":1,"2":1,"3":1,"4":2,"5":2,"6":2,"7":2,"8":0,"9":2,"10":2,"11":2,"12":2,"13":1,"14":1,"15":1},"f":{"0":2,"1":2,"2":2},"b":{"0":[0,2],"1":[1,1]},"_coverageSchema":"1a1c01bbd47fc00a2c39e90264f33305004495a9","hash":"8200ac8e00b6065b3389bba555c1fb3c6994719e"}
,"/Users/jamiecermak/Projects/personal/houselist-server/middleware/PathNotFoundHandler.js": {"path":"/Users/jamiecermak/Projects/personal/houselist-server/middleware/PathNotFoundHandler.js","statementMap":{"0":{"start":{"line":1,"column":32},"end":{"line":1,"column":63}},"1":{"start":{"line":12,"column":4},"end":{"line":12,"column":48}},"2":{"start":{"line":15,"column":0},"end":{"line":17,"column":1}}},"fnMap":{"0":{"name":"PathNotFoundHandler","decl":{"start":{"line":11,"column":9},"end":{"line":11,"column":28}},"loc":{"start":{"line":11,"column":45},"end":{"line":13,"column":1}},"line":11}},"branchMap":{},"s":{"0":1,"1":1,"2":1},"f":{"0":1},"b":{},"_coverageSchema":"1a1c01bbd47fc00a2c39e90264f33305004495a9","hash":"31d03488a93833e9cac1e880a3f5ad5b8f03d6b7"}
,"/Users/jamiecermak/Projects/personal/houselist-server/middleware/PayloadValidator.js": {"path":"/Users/jamiecermak/Projects/personal/houselist-server/middleware/PayloadValidator.js","statementMap":{"0":{"start":{"line":1,"column":34},"end":{"line":1,"column":65}},"1":{"start":{"line":11,"column":4},"end":{"line":41,"column":5}},"2":{"start":{"line":12,"column":8},"end":{"line":40,"column":9}},"3":{"start":{"line":13,"column":28},"end":{"line":13,"column":37}},"4":{"start":{"line":15,"column":12},"end":{"line":17,"column":13}},"5":{"start":{"line":16,"column":16},"end":{"line":16,"column":45}},"6":{"start":{"line":19,"column":12},"end":{"line":21,"column":13}},"7":{"start":{"line":20,"column":16},"end":{"line":20,"column":32}},"8":{"start":{"line":23,"column":12},"end":{"line":25,"column":13}},"9":{"start":{"line":24,"column":16},"end":{"line":24,"column":38}},"10":{"start":{"line":27,"column":12},"end":{"line":30,"column":13}},"11":{"start":{"line":32,"column":12},"end":{"line":32,"column":25}},"12":{"start":{"line":34,"column":12},"end":{"line":39,"column":13}},"13":{"start":{"line":44,"column":0},"end":{"line":44,"column":37}}},"fnMap":{"0":{"name":"PayloadValidator","decl":{"start":{"line":10,"column":9},"end":{"line":10,"column":25}},"loc":{"start":{"line":10,"column":78},"end":{"line":42,"column":1}},"line":10},"1":{"name":"(anonymous_1)","decl":{"start":{"line":11,"column":11},"end":{"line":11,"column":12}},"loc":{"start":{"line":11,"column":31},"end":{"line":41,"column":5}},"line":11}},"branchMap":{"0":{"loc":{"start":{"line":10,"column":33},"end":{"line":10,"column":76}},"type":"default-arg","locations":[{"start":{"line":10,"column":74},"end":{"line":10,"column":76}}],"line":10},"1":{"loc":{"start":{"line":10,"column":35},"end":{"line":10,"column":48}},"type":"default-arg","locations":[{"start":{"line":10,"column":42},"end":{"line":10,"column":48}}],"line":10},"2":{"loc":{"start":{"line":10,"column":50},"end":{"line":10,"column":69}},"type":"default-arg","locations":[{"start":{"line":10,"column":64},"end":{"line":10,"column":69}}],"line":10},"3":{"loc":{"start":{"line":15,"column":12},"end":{"line":17,"column":13}},"type":"if","locations":[{"start":{"line":15,"column":12},"end":{"line":17,"column":13}},{"start":{},"end":{}}],"line":15},"4":{"loc":{"start":{"line":19,"column":12},"end":{"line":21,"column":13}},"type":"if","locations":[{"start":{"line":19,"column":12},"end":{"line":21,"column":13}},{"start":{},"end":{}}],"line":19},"5":{"loc":{"start":{"line":23,"column":12},"end":{"line":25,"column":13}},"type":"if","locations":[{"start":{"line":23,"column":12},"end":{"line":25,"column":13}},{"start":{},"end":{}}],"line":23},"6":{"loc":{"start":{"line":37,"column":20},"end":{"line":37,"column":51}},"type":"cond-expr","locations":[{"start":{"line":37,"column":34},"end":{"line":37,"column":44}},{"start":{"line":37,"column":47},"end":{"line":37,"column":51}}],"line":37}},"s":{"0":4,"1":17,"2":17,"3":17,"4":17,"5":1,"6":16,"7":14,"8":16,"9":15,"10":16,"11":14,"12":3,"13":4},"f":{"0":17,"1":17},"b":{"0":[6],"1":[7],"2":[16],"3":[1,16],"4":[14,2],"5":[15,1],"6":[1,2]},"_coverageSchema":"1a1c01bbd47fc00a2c39e90264f33305004495a9","hash":"2c1afd97a19e23a434e12809be56410121b52716"}
,"/Users/jamiecermak/Projects/personal/houselist-server/util/APIResponses.js": {"path":"/Users/jamiecermak/Projects/personal/houselist-server/util/APIResponses.js","statementMap":{"0":{"start":{"line":1,"column":19},"end":{"line":1,"column":38}},"1":{"start":{"line":2,"column":24},"end":{"line":2,"column":49}},"2":{"start":{"line":5,"column":11},"end":{"line":5,"column":15}},"3":{"start":{"line":6,"column":14},"end":{"line":6,"column":18}},"4":{"start":{"line":7,"column":17},"end":{"line":7,"column":20}},"5":{"start":{"line":8,"column":14},"end":{"line":8,"column":18}},"6":{"start":{"line":11,"column":8},"end":{"line":11,"column":36}},"7":{"start":{"line":12,"column":8},"end":{"line":12,"column":30}},"8":{"start":{"line":13,"column":8},"end":{"line":13,"column":24}},"9":{"start":{"line":14,"column":8},"end":{"line":14,"column":30}},"10":{"start":{"line":18,"column":8},"end":{"line":22,"column":9}},"11":{"start":{"line":26,"column":8},"end":{"line":26,"column":35}},"12":{"start":{"line":27,"column":8},"end":{"line":27,"column":33}},"13":{"start":{"line":33,"column":8},"end":{"line":33,"column":46}},"14":{"start":{"line":39,"column":8},"end":{"line":39,"column":47}},"15":{"start":{"line":43,"column":8},"end":{"line":43,"column":39}},"16":{"start":{"line":45,"column":8},"end":{"line":53,"column":9}},"17":{"start":{"line":49,"column":12},"end":{"line":52,"column":14}},"18":{"start":{"line":55,"column":8},"end":{"line":61,"column":9}},"19":{"start":{"line":65,"column":0},"end":{"line":68,"column":1}}},"fnMap":{"0":{"name":"(anonymous_0)","decl":{"start":{"line":10,"column":4},"end":{"line":10,"column":5}},"loc":{"start":{"line":10,"column":52},"end":{"line":15,"column":5}},"line":10},"1":{"name":"(anonymous_1)","decl":{"start":{"line":17,"column":4},"end":{"line":17,"column":5}},"loc":{"start":{"line":17,"column":15},"end":{"line":23,"column":5}},"line":17},"2":{"name":"(anonymous_2)","decl":{"start":{"line":25,"column":4},"end":{"line":25,"column":5}},"loc":{"start":{"line":25,"column":14},"end":{"line":28,"column":5}},"line":25},"3":{"name":"(anonymous_3)","decl":{"start":{"line":32,"column":4},"end":{"line":32,"column":5}},"loc":{"start":{"line":32,"column":72},"end":{"line":34,"column":5}},"line":32},"4":{"name":"(anonymous_4)","decl":{"start":{"line":38,"column":4},"end":{"line":38,"column":5}},"loc":{"start":{"line":38,"column":65},"end":{"line":40,"column":5}},"line":38},"5":{"name":"(anonymous_5)","decl":{"start":{"line":42,"column":4},"end":{"line":42,"column":5}},"loc":{"start":{"line":42,"column":36},"end":{"line":62,"column":5}},"line":42}},"branchMap":{"0":{"loc":{"start":{"line":32,"column":16},"end":{"line":32,"column":27}},"type":"default-arg","locations":[{"start":{"line":32,"column":23},"end":{"line":32,"column":27}}],"line":32},"1":{"loc":{"start":{"line":32,"column":29},"end":{"line":32,"column":70}},"type":"default-arg","locations":[{"start":{"line":32,"column":68},"end":{"line":32,"column":70}}],"line":32},"2":{"loc":{"start":{"line":32,"column":31},"end":{"line":32,"column":47}},"type":"default-arg","locations":[{"start":{"line":32,"column":44},"end":{"line":32,"column":47}}],"line":32},"3":{"loc":{"start":{"line":32,"column":49},"end":{"line":32,"column":63}},"type":"default-arg","locations":[{"start":{"line":32,"column":59},"end":{"line":32,"column":63}}],"line":32},"4":{"loc":{"start":{"line":38,"column":25},"end":{"line":38,"column":63}},"type":"default-arg","locations":[{"start":{"line":38,"column":61},"end":{"line":38,"column":63}}],"line":38},"5":{"loc":{"start":{"line":38,"column":27},"end":{"line":38,"column":43}},"type":"default-arg","locations":[{"start":{"line":38,"column":40},"end":{"line":38,"column":43}}],"line":38},"6":{"loc":{"start":{"line":38,"column":45},"end":{"line":38,"column":56}},"type":"default-arg","locations":[{"start":{"line":38,"column":52},"end":{"line":38,"column":56}}],"line":38},"7":{"loc":{"start":{"line":45,"column":8},"end":{"line":53,"column":9}},"type":"if","locations":[{"start":{"line":45,"column":8},"end":{"line":53,"column":9}},{"start":{},"end":{}}],"line":45},"8":{"loc":{"start":{"line":46,"column":12},"end":{"line":47,"column":44}},"type":"binary-expr","locations":[{"start":{"line":46,"column":12},"end":{"line":46,"column":54}},{"start":{"line":47,"column":12},"end":{"line":47,"column":44}}],"line":46}},"s":{"0":2,"1":2,"2":13,"3":13,"4":13,"5":13,"6":13,"7":13,"8":13,"9":13,"10":10,"11":1,"12":1,"13":4,"14":9,"15":7,"16":7,"17":5,"18":2,"19":2},"f":{"0":13,"1":10,"2":1,"3":4,"4":9,"5":7},"b":{"0":[1],"1":[2],"2":[2],"3":[2],"4":[1],"5":[1],"6":[3],"7":[5,2],"8":[7,7]},"_coverageSchema":"1a1c01bbd47fc00a2c39e90264f33305004495a9","hash":"112964a81ade10f9d50b92b97119de8f25ac7b96"}
,"/Users/jamiecermak/Projects/personal/houselist-server/util/AWS.js": {"path":"/Users/jamiecermak/Projects/personal/houselist-server/util/AWS.js","statementMap":{"0":{"start":{"line":5,"column":4},"end":{"line":5,"column":33}},"1":{"start":{"line":6,"column":25},"end":{"line":6,"column":65}},"2":{"start":{"line":7,"column":17},"end":{"line":7,"column":31}},"3":{"start":{"line":15,"column":4},"end":{"line":15,"column":54}},"4":{"start":{"line":26,"column":20},"end":{"line":29,"column":6}},"5":{"start":{"line":31,"column":4},"end":{"line":33,"column":6}},"6":{"start":{"line":36,"column":0},"end":{"line":39,"column":1}}},"fnMap":{"0":{"name":"putObject","decl":{"start":{"line":14,"column":15},"end":{"line":14,"column":24}},"loc":{"start":{"line":14,"column":33},"end":{"line":16,"column":1}},"line":14},"1":{"name":"generateSignedUrl","decl":{"start":{"line":25,"column":9},"end":{"line":25,"column":26}},"loc":{"start":{"line":25,"column":44},"end":{"line":34,"column":1}},"line":25}},"branchMap":{},"s":{"0":3,"1":3,"2":3,"3":0,"4":0,"5":0,"6":3},"f":{"0":0,"1":0},"b":{},"_coverageSchema":"1a1c01bbd47fc00a2c39e90264f33305004495a9","hash":"a232fa04f56c9f43157029374612d4ecd9b6699f"}
,"/Users/jamiecermak/Projects/personal/houselist-server/util/Database.js": {"path":"/Users/jamiecermak/Projects/personal/houselist-server/util/Database.js","statementMap":{"0":{"start":{"line":1,"column":26},"end":{"line":1,"column":41}},"1":{"start":{"line":2,"column":17},"end":{"line":2,"column":39}},"2":{"start":{"line":5,"column":4},"end":{"line":14,"column":5}},"3":{"start":{"line":7,"column":12},"end":{"line":7,"column":32}},"4":{"start":{"line":9,"column":12},"end":{"line":9,"column":39}},"5":{"start":{"line":11,"column":12},"end":{"line":11,"column":38}},"6":{"start":{"line":13,"column":12},"end":{"line":13,"column":66}},"7":{"start":{"line":17,"column":17},"end":{"line":17,"column":34}},"8":{"start":{"line":19,"column":0},"end":{"line":19,"column":29}}},"fnMap":{"0":{"name":"getConfig","decl":{"start":{"line":4,"column":9},"end":{"line":4,"column":18}},"loc":{"start":{"line":4,"column":21},"end":{"line":15,"column":1}},"line":4}},"branchMap":{"0":{"loc":{"start":{"line":5,"column":4},"end":{"line":14,"column":5}},"type":"switch","locations":[{"start":{"line":6,"column":8},"end":{"line":7,"column":32}},{"start":{"line":8,"column":8},"end":{"line":9,"column":39}},{"start":{"line":10,"column":8},"end":{"line":11,"column":38}},{"start":{"line":12,"column":8},"end":{"line":13,"column":66}}],"line":5}},"s":{"0":15,"1":15,"2":15,"3":15,"4":0,"5":0,"6":0,"7":15,"8":15},"f":{"0":15},"b":{"0":[15,0,0,0]},"_coverageSchema":"1a1c01bbd47fc00a2c39e90264f33305004495a9","hash":"cc5c194a4356bce8467ade282b83850215de1682"}
,"/Users/jamiecermak/Projects/personal/houselist-server/util/FirebaseApp.js": {"path":"/Users/jamiecermak/Projects/personal/houselist-server/util/FirebaseApp.js","statementMap":{"0":{"start":{"line":1,"column":17},"end":{"line":1,"column":42}},"1":{"start":{"line":7,"column":4},"end":{"line":7,"column":24}},"2":{"start":{"line":10,"column":4},"end":{"line":10,"column":75}},"3":{"start":{"line":14,"column":24},"end":{"line":20,"column":6}},"4":{"start":{"line":22,"column":4},"end":{"line":22,"column":42}},"5":{"start":{"line":25,"column":0},"end":{"line":27,"column":1}}},"fnMap":{"0":{"name":"getFirebasePrivateKey","decl":{"start":{"line":9,"column":9},"end":{"line":9,"column":30}},"loc":{"start":{"line":9,"column":33},"end":{"line":11,"column":1}},"line":9},"1":{"name":"getFirebaseMessaging","decl":{"start":{"line":13,"column":9},"end":{"line":13,"column":29}},"loc":{"start":{"line":13,"column":32},"end":{"line":23,"column":1}},"line":13}},"branchMap":{},"s":{"0":1,"1":1,"2":0,"3":0,"4":0,"5":1},"f":{"0":0,"1":0},"b":{},"_coverageSchema":"1a1c01bbd47fc00a2c39e90264f33305004495a9","hash":"7398d00e27c82e6a5d8801675b7968a707be9015"}
,"/Users/jamiecermak/Projects/personal/houselist-server/util/Logger.js": {"path":"/Users/jamiecermak/Projects/personal/houselist-server/util/Logger.js","statementMap":{"0":{"start":{"line":1,"column":16},"end":{"line":1,"column":34}},"1":{"start":{"line":3,"column":15},"end":{"line":14,"column":2}},"2":{"start":{"line":16,"column":0},"end":{"line":18,"column":1}}},"fnMap":{},"branchMap":{},"s":{"0":17,"1":17,"2":17},"f":{},"b":{},"_coverageSchema":"1a1c01bbd47fc00a2c39e90264f33305004495a9","hash":"6535582be19a8aa237f0ac246499567b7a525f97"}
,"/Users/jamiecermak/Projects/personal/houselist-server/util/Secrets.js": {"path":"/Users/jamiecermak/Projects/personal/houselist-server/util/Secrets.js","statementMap":{"0":{"start":{"line":1,"column":22},"end":{"line":1,"column":47}},"1":{"start":{"line":2,"column":22},"end":{"line":2,"column":47}},"2":{"start":{"line":3,"column":32},"end":{"line":3,"column":67}},"3":{"start":{"line":4,"column":31},"end":{"line":4,"column":65}},"4":{"start":{"line":5,"column":33},"end":{"line":5,"column":69}},"5":{"start":{"line":6,"column":32},"end":{"line":6,"column":67}},"6":{"start":{"line":7,"column":29},"end":{"line":7,"column":61}},"7":{"start":{"line":8,"column":22},"end":{"line":8,"column":47}},"8":{"start":{"line":9,"column":30},"end":{"line":9,"column":63}},"9":{"start":{"line":10,"column":24},"end":{"line":10,"column":51}},"10":{"start":{"line":12,"column":0},"end":{"line":23,"column":1}}},"fnMap":{},"branchMap":{},"s":{"0":5,"1":5,"2":5,"3":5,"4":5,"5":5,"6":5,"7":5,"8":5,"9":5,"10":5},"f":{},"b":{},"_coverageSchema":"1a1c01bbd47fc00a2c39e90264f33305004495a9","hash":"a86b98b8be5bb8db3c538eaa00ba940160e144c8"}
,"/Users/jamiecermak/Projects/personal/houselist-server/util/ServerErrors.js": {"path":"/Users/jamiecermak/Projects/personal/houselist-server/util/ServerErrors.js","statementMap":{"0":{"start":{"line":1,"column":19},"end":{"line":1,"column":38}},"1":{"start":{"line":4,"column":17},"end":{"line":4,"column":20}},"2":{"start":{"line":5,"column":19},"end":{"line":5,"column":21}},"3":{"start":{"line":6,"column":19},"end":{"line":6,"column":23}},"4":{"start":{"line":9,"column":8},"end":{"line":9,"column":28}},"5":{"start":{"line":11,"column":8},"end":{"line":11,"column":36}},"6":{"start":{"line":12,"column":8},"end":{"line":12,"column":57}},"7":{"start":{"line":13,"column":8},"end":{"line":13,"column":32}},"8":{"start":{"line":17,"column":8},"end":{"line":17,"column":51}},"9":{"start":{"line":23,"column":36},"end":{"line":23,"column":78}},"10":{"start":{"line":24,"column":35},"end":{"line":24,"column":75}},"11":{"start":{"line":26,"column":8},"end":{"line":30,"column":9}},"12":{"start":{"line":36,"column":36},"end":{"line":38,"column":79}},"13":{"start":{"line":40,"column":8},"end":{"line":44,"column":9}},"14":{"start":{"line":50,"column":29},"end":{"line":50,"column":59}},"15":{"start":{"line":52,"column":8},"end":{"line":56,"column":9}},"16":{"start":{"line":62,"column":8},"end":{"line":62,"column":71}},"17":{"start":{"line":68,"column":8},"end":{"line":68,"column":53}},"18":{"start":{"line":74,"column":8},"end":{"line":79,"column":9}},"19":{"start":{"line":81,"column":8},"end":{"line":81,"column":60}},"20":{"start":{"line":83,"column":8},"end":{"line":83,"column":36}},"21":{"start":{"line":87,"column":0},"end":{"line":95,"column":1}}},"fnMap":{"0":{"name":"(anonymous_0)","decl":{"start":{"line":8,"column":4},"end":{"line":8,"column":5}},"loc":{"start":{"line":8,"column":77},"end":{"line":14,"column":5}},"line":8},"1":{"name":"(anonymous_1)","decl":{"start":{"line":16,"column":4},"end":{"line":16,"column":5}},"loc":{"start":{"line":16,"column":27},"end":{"line":18,"column":5}},"line":16},"2":{"name":"(anonymous_2)","decl":{"start":{"line":22,"column":4},"end":{"line":22,"column":5}},"loc":{"start":{"line":22,"column":59},"end":{"line":31,"column":5}},"line":22},"3":{"name":"(anonymous_3)","decl":{"start":{"line":35,"column":4},"end":{"line":35,"column":5}},"loc":{"start":{"line":35,"column":39},"end":{"line":45,"column":5}},"line":35},"4":{"name":"(anonymous_4)","decl":{"start":{"line":49,"column":4},"end":{"line":49,"column":5}},"loc":{"start":{"line":49,"column":32},"end":{"line":57,"column":5}},"line":49},"5":{"name":"(anonymous_5)","decl":{"start":{"line":61,"column":4},"end":{"line":61,"column":5}},"loc":{"start":{"line":61,"column":25},"end":{"line":63,"column":5}},"line":61},"6":{"name":"(anonymous_6)","decl":{"start":{"line":67,"column":4},"end":{"line":67,"column":5}},"loc":{"start":{"line":67,"column":58},"end":{"line":69,"column":5}},"line":67},"7":{"name":"(anonymous_7)","decl":{"start":{"line":73,"column":4},"end":{"line":73,"column":5}},"loc":{"start":{"line":73,"column":27},"end":{"line":84,"column":5}},"line":73}},"branchMap":{"0":{"loc":{"start":{"line":8,"column":43},"end":{"line":8,"column":62}},"type":"default-arg","locations":[{"start":{"line":8,"column":58},"end":{"line":8,"column":62}}],"line":8},"1":{"loc":{"start":{"line":8,"column":64},"end":{"line":8,"column":75}},"type":"default-arg","locations":[{"start":{"line":8,"column":71},"end":{"line":8,"column":75}}],"line":8},"2":{"loc":{"start":{"line":12,"column":28},"end":{"line":12,"column":57}},"type":"binary-expr","locations":[{"start":{"line":12,"column":28},"end":{"line":12,"column":40}},{"start":{"line":12,"column":44},"end":{"line":12,"column":57}}],"line":12},"3":{"loc":{"start":{"line":22,"column":16},"end":{"line":22,"column":36}},"type":"default-arg","locations":[{"start":{"line":22,"column":32},"end":{"line":22,"column":36}}],"line":22},"4":{"loc":{"start":{"line":22,"column":38},"end":{"line":22,"column":57}},"type":"default-arg","locations":[{"start":{"line":22,"column":53},"end":{"line":22,"column":57}}],"line":22},"5":{"loc":{"start":{"line":23,"column":36},"end":{"line":23,"column":78}},"type":"cond-expr","locations":[{"start":{"line":23,"column":52},"end":{"line":23,"column":73}},{"start":{"line":23,"column":76},"end":{"line":23,"column":78}}],"line":23},"6":{"loc":{"start":{"line":24,"column":35},"end":{"line":24,"column":75}},"type":"cond-expr","locations":[{"start":{"line":24,"column":50},"end":{"line":24,"column":70}},{"start":{"line":24,"column":73},"end":{"line":24,"column":75}}],"line":24},"7":{"loc":{"start":{"line":35,"column":16},"end":{"line":35,"column":37}},"type":"default-arg","locations":[{"start":{"line":35,"column":27},"end":{"line":35,"column":37}}],"line":35},"8":{"loc":{"start":{"line":49,"column":16},"end":{"line":49,"column":30}},"type":"default-arg","locations":[{"start":{"line":49,"column":26},"end":{"line":49,"column":30}}],"line":49},"9":{"loc":{"start":{"line":50,"column":29},"end":{"line":50,"column":59}},"type":"cond-expr","locations":[{"start":{"line":50,"column":39},"end":{"line":50,"column":54}},{"start":{"line":50,"column":57},"end":{"line":50,"column":59}}],"line":50},"10":{"loc":{"start":{"line":67,"column":45},"end":{"line":67,"column":56}},"type":"default-arg","locations":[{"start":{"line":67,"column":52},"end":{"line":67,"column":56}}],"line":67}},"s":{"0":17,"1":66,"2":66,"3":66,"4":66,"5":66,"6":66,"7":66,"8":3,"9":29,"10":29,"11":29,"12":10,"13":10,"14":7,"15":7,"16":6,"17":4,"18":4,"19":4,"20":4,"21":17},"f":{"0":66,"1":3,"2":29,"3":10,"4":7,"5":6,"6":4,"7":4},"b":{"0":[2],"1":[54],"2":[66,2],"3":[9],"4":[12],"5":[20,9],"6":[15,14],"7":[1],"8":[1],"9":[6,1],"10":[3]},"_coverageSchema":"1a1c01bbd47fc00a2c39e90264f33305004495a9","hash":"038b404ebe98ef73dacd7d3108b5682b4e5bad22"}
}
