TN:
SF:knexfile.js
FNF:0
FNH:0
DA:1,15
DA:5,15
DA:20,15
DA:28,15
LF:4
LH:4
BRF:0
BRH:0
end_of_record
TN:
SF:events/onSignup.js
FN:4,onSignup
FNF:1
FNH:1
FNDA:1,onSignup
DA:1,1
DA:2,1
DA:5,1
DA:7,1
DA:9,1
DA:10,1
DA:13,1
LF:7
LH:7
BRF:0
BRH:0
end_of_record
TN:
SF:lib/Authentication.js
FN:12,(anonymous_0)
FN:24,(anonymous_1)
FN:35,(anonymous_2)
FN:72,(anonymous_3)
FNF:4
FNH:3
FNDA:1,(anonymous_0)
FNDA:0,(anonymous_1)
FNDA:3,(anonymous_2)
FNDA:1,(anonymous_3)
DA:1,1
DA:2,1
DA:3,1
DA:4,1
DA:13,1
DA:25,0
DA:37,3
DA:45,3
DA:46,1
DA:53,2
DA:54,1
DA:60,1
DA:73,1
DA:75,1
DA:77,1
DA:84,1
DA:88,1
LF:17
LH:16
BRDA:45,0,0,1
BRDA:45,0,1,2
BRDA:53,1,0,1
BRDA:53,1,1,1
BRF:4
BRH:4
end_of_record
TN:
SF:lib/Authorisation.js
FN:13,(anonymous_0)
FN:26,(anonymous_1)
FN:38,(anonymous_2)
FNF:3
FNH:3
FNDA:1,(anonymous_0)
FNDA:4,(anonymous_1)
FNDA:3,(anonymous_2)
DA:1,2
DA:2,2
DA:3,2
DA:4,2
DA:14,1
DA:27,4
DA:28,1
DA:42,3
DA:43,3
DA:45,1
DA:49,2
DA:57,2
DA:58,1
DA:61,1
DA:65,2
LF:15
LH:15
BRDA:57,0,0,1
BRDA:57,0,1,1
BRF:2
BRH:2
end_of_record
TN:
SF:lib/Firebase.js
FN:18,(anonymous_0)
FN:43,(anonymous_1)
FN:57,(anonymous_2)
FN:67,(anonymous_3)
FN:81,(anonymous_4)
FNF:5
FNH:5
FNDA:2,(anonymous_0)
FNDA:2,(anonymous_1)
FNDA:3,(anonymous_2)
FNDA:1,(anonymous_3)
FNDA:2,(anonymous_4)
DA:1,1
DA:2,1
DA:6,1
DA:19,2
DA:20,2
DA:32,1
DA:45,2
DA:57,3
DA:68,1
DA:82,2
DA:83,2
DA:84,2
DA:86,1
DA:91,1
LF:14
LH:14
BRF:0
BRH:0
end_of_record
TN:
SF:lib/ForgotPassword.js
FN:15,(anonymous_0)
FN:25,(anonymous_1)
FN:38,(anonymous_2)
FN:89,(anonymous_3)
FN:111,(anonymous_4)
FN:160,(anonymous_5)
FN:184,(anonymous_6)
FNF:7
FNH:7
FNDA:1,(anonymous_0)
FNDA:3,(anonymous_1)
FNDA:3,(anonymous_2)
FNDA:2,(anonymous_3)
FNDA:3,(anonymous_4)
FNDA:2,(anonymous_5)
FNDA:1,(anonymous_6)
DA:1,1
DA:2,1
DA:3,1
DA:4,1
DA:8,1
DA:16,1
DA:26,3
DA:41,3
DA:50,3
DA:51,1
DA:57,2
DA:58,2
DA:61,2
DA:68,2
DA:69,1
DA:74,1
DA:90,2
DA:91,2
DA:99,1
DA:102,1
DA:113,3
DA:129,3
DA:130,1
DA:137,2
DA:139,2
DA:140,1
DA:146,1
DA:167,2
DA:170,1
DA:172,1
DA:175,1
DA:185,1
DA:187,1
DA:188,1
DA:196,0
DA:201,1
LF:36
LH:35
BRDA:25,0,0,2
BRDA:50,1,0,1
BRDA:50,1,1,2
BRDA:68,2,0,1
BRDA:68,2,1,1
BRDA:129,3,0,1
BRDA:129,3,1,2
BRDA:139,4,0,1
BRDA:139,4,1,1
BRF:9
BRH:9
end_of_record
TN:
SF:lib/ListItems.js
FN:37,(anonymous_0)
FN:57,(anonymous_1)
FN:76,(anonymous_2)
FN:112,(anonymous_3)
FN:143,(anonymous_4)
FN:171,(anonymous_5)
FN:218,(anonymous_6)
FN:279,(anonymous_7)
FN:301,(anonymous_8)
FNF:9
FNH:9
FNDA:3,(anonymous_0)
FNDA:3,(anonymous_1)
FNDA:3,(anonymous_2)
FNDA:3,(anonymous_3)
FNDA:3,(anonymous_4)
FNDA:5,(anonymous_5)
FNDA:6,(anonymous_6)
FNDA:2,(anonymous_7)
FNDA:2,(anonymous_8)
DA:1,2
DA:2,2
DA:3,2
DA:4,2
DA:9,2
DA:12,2
DA:22,2
DA:38,3
DA:53,3
DA:58,3
DA:59,1
DA:62,2
DA:65,3
DA:79,3
DA:80,3
DA:85,2
DA:88,1
DA:89,1
DA:91,1
DA:103,1
DA:113,3
DA:119,3
DA:120,1
DA:123,2
DA:124,1
DA:130,1
DA:144,3
DA:150,3
DA:151,1
DA:154,2
DA:155,1
DA:161,1
DA:172,5
DA:173,1
DA:179,4
DA:185,4
DA:186,1
DA:189,3
DA:190,1
DA:196,2
DA:197,1
DA:203,1
DA:221,6
DA:222,6
DA:227,1
DA:230,5
DA:231,1
DA:234,4
DA:240,4
DA:241,1
DA:244,3
DA:245,3
DA:250,3
DA:251,1
DA:256,2
DA:261,2
DA:262,1
DA:267,1
DA:280,2
DA:287,2
DA:288,1
DA:291,1
DA:302,2
DA:309,2
DA:310,1
DA:313,1
DA:317,2
LF:67
LH:67
BRDA:37,0,0,1
BRDA:58,1,0,1
BRDA:58,1,1,2
BRDA:119,2,0,1
BRDA:119,2,1,2
BRDA:123,3,0,1
BRDA:123,3,1,1
BRDA:150,4,0,1
BRDA:150,4,1,2
BRDA:154,5,0,1
BRDA:154,5,1,1
BRDA:172,6,0,1
BRDA:172,6,1,4
BRDA:185,7,0,1
BRDA:185,7,1,3
BRDA:189,8,0,1
BRDA:189,8,1,2
BRDA:196,9,0,1
BRDA:196,9,1,1
BRDA:230,10,0,1
BRDA:230,10,1,4
BRDA:240,11,0,1
BRDA:240,11,1,3
BRDA:250,12,0,1
BRDA:250,12,1,2
BRDA:261,13,0,1
BRDA:261,13,1,1
BRDA:287,14,0,1
BRDA:287,14,1,1
BRDA:309,15,0,1
BRDA:309,15,1,1
BRF:31
BRH:31
end_of_record
TN:
SF:lib/ListMembers.js
FN:11,(anonymous_0)
FN:39,(anonymous_1)
FN:59,(anonymous_2)
FN:79,(anonymous_3)
FN:101,(anonymous_4)
FNF:5
FNH:5
FNDA:2,(anonymous_0)
FNDA:2,(anonymous_1)
FNDA:2,(anonymous_2)
FNDA:2,(anonymous_3)
FNDA:6,(anonymous_4)
DA:1,4
DA:12,2
DA:25,2
DA:26,1
DA:29,1
DA:40,2
DA:42,2
DA:43,1
DA:46,1
DA:60,2
DA:62,2
DA:63,1
DA:66,1
DA:80,2
DA:93,2
DA:94,1
DA:96,1
DA:101,6
DA:105,4
LF:19
LH:19
BRDA:25,0,0,1
BRDA:25,0,1,1
BRDA:42,1,0,1
BRDA:42,1,1,1
BRDA:62,2,0,1
BRDA:62,2,1,1
BRDA:79,3,0,1
BRDA:93,4,0,1
BRDA:93,4,1,1
BRF:9
BRH:9
end_of_record
TN:
SF:lib/ListPriorities.js
FN:10,(anonymous_0)
FN:19,(anonymous_1)
FNF:2
FNH:2
FNDA:2,(anonymous_0)
FNDA:7,(anonymous_1)
DA:2,3
DA:3,3
DA:11,2
DA:20,7
DA:24,3
LF:5
LH:5
BRF:0
BRH:0
end_of_record
TN:
SF:lib/Lists.js
FN:24,(anonymous_0)
FN:33,(anonymous_1)
FN:53,(anonymous_2)
FN:88,(anonymous_3)
FN:99,(anonymous_4)
FN:131,(anonymous_5)
FN:152,(anonymous_6)
FNF:7
FNH:7
FNDA:2,(anonymous_0)
FNDA:2,(anonymous_1)
FNDA:4,(anonymous_2)
FNDA:1,(anonymous_3)
FNDA:4,(anonymous_4)
FNDA:2,(anonymous_5)
FNDA:2,(anonymous_6)
DA:1,2
DA:2,2
DA:6,2
DA:9,2
DA:25,2
DA:34,2
DA:41,2
DA:54,4
DA:56,4
DA:57,2
DA:60,4
DA:71,4
DA:72,1
DA:78,3
DA:80,3
DA:89,1
DA:103,4
DA:104,4
DA:109,2
DA:113,2
DA:114,1
DA:118,1
DA:132,2
DA:139,2
DA:140,1
DA:143,1
DA:153,2
DA:159,2
DA:160,1
DA:163,1
DA:167,2
LF:31
LH:31
BRDA:53,0,0,1
BRDA:56,1,0,2
BRDA:56,1,1,2
BRDA:71,2,0,1
BRDA:71,2,1,3
BRDA:113,3,0,1
BRDA:113,3,1,1
BRDA:139,4,0,1
BRDA:139,4,1,1
BRDA:159,5,0,1
BRDA:159,5,1,1
BRF:11
BRH:11
end_of_record
TN:
SF:lib/UserProfileImages.js
FN:12,(anonymous_0)
FN:27,(anonymous_1)
FN:38,(anonymous_2)
FNF:3
FNH:3
FNDA:1,(anonymous_0)
FNDA:1,(anonymous_1)
FNDA:1,(anonymous_2)
DA:1,5
DA:2,5
DA:3,5
DA:13,1
DA:28,1
DA:39,1
DA:41,1
DA:49,5
LF:8
LH:8
BRF:0
BRH:0
end_of_record
TN:
SF:lib/Users.js
FN:18,(anonymous_0)
FN:37,(anonymous_1)
FN:58,(anonymous_2)
FN:86,(anonymous_3)
FN:115,(anonymous_4)
FN:159,(anonymous_5)
FN:166,(anonymous_6)
FN:190,(anonymous_7)
FN:217,(anonymous_8)
FN:248,(anonymous_9)
FNF:10
FNH:9
FNDA:1,(anonymous_0)
FNDA:0,(anonymous_1)
FNDA:2,(anonymous_2)
FNDA:3,(anonymous_3)
FNDA:3,(anonymous_4)
FNDA:1,(anonymous_5)
FNDA:3,(anonymous_6)
FNDA:2,(anonymous_7)
FNDA:2,(anonymous_8)
FNDA:2,(anonymous_9)
DA:1,4
DA:2,4
DA:3,4
DA:8,4
DA:9,4
DA:20,1
DA:27,1
DA:28,0
DA:32,1
DA:39,0
DA:46,0
DA:47,0
DA:50,0
DA:60,2
DA:68,2
DA:69,1
DA:72,1
DA:87,3
DA:90,3
DA:91,1
DA:98,2
DA:99,2
DA:103,1
DA:117,3
DA:119,3
DA:120,3
DA:122,3
DA:123,3
DA:129,1
DA:133,2
DA:134,2
DA:142,1
DA:146,1
DA:160,1
DA:166,1
DA:167,3
DA:169,3
DA:191,2
DA:198,2
DA:199,1
DA:205,1
DA:218,2
DA:220,2
DA:221,1
DA:227,1
DA:237,1
DA:239,1
DA:249,2
DA:250,2
DA:252,1
DA:254,1
DA:259,4
LF:52
LH:47
BRDA:27,0,0,0
BRDA:27,0,1,1
BRDA:46,1,0,0
BRDA:46,1,1,0
BRDA:68,2,0,1
BRDA:68,2,1,1
BRDA:90,3,0,1
BRDA:90,3,1,2
BRDA:173,4,0,2
BRDA:173,4,1,1
BRDA:173,5,0,3
BRDA:173,5,1,2
BRDA:198,6,0,1
BRDA:198,6,1,1
BRDA:220,7,0,1
BRDA:220,7,1,1
BRF:16
BRH:13
end_of_record
TN:
SF:lib/EmailService/EmailHtml.js
FN:19,(anonymous_0)
FN:38,(anonymous_1)
FN:49,(anonymous_2)
FNF:3
FNH:3
FNDA:2,(anonymous_0)
FNDA:2,(anonymous_1)
FNDA:2,(anonymous_2)
DA:1,1
DA:2,1
DA:9,1
DA:10,1
DA:20,2
DA:29,2
DA:39,2
DA:47,2
DA:49,2
DA:53,1
LF:10
LH:10
BRF:0
BRH:0
end_of_record
TN:
SF:middleware/AppErrorHandler.js
FN:12,AppErrorHandler
FNF:1
FNH:1
FNDA:4,AppErrorHandler
DA:1,1
DA:13,4
DA:14,1
DA:18,3
DA:20,3
DA:21,3
DA:28,1
LF:7
LH:7
BRDA:13,0,0,1
BRDA:13,0,1,3
BRF:2
BRH:2
end_of_record
TN:
SF:middleware/ErrorHandler.js
FN:7,ErrorHandler
FN:8,(anonymous_1)
FNF:2
FNH:2
FNDA:3,ErrorHandler
FNDA:2,(anonymous_1)
DA:8,3
DA:9,2
DA:10,2
DA:12,1
DA:17,1
LF:5
LH:5
BRF:0
BRH:0
end_of_record
TN:
SF:middleware/IsAuthorised.js
FN:12,IsAuthorised
FNF:1
FNH:1
FNDA:4,IsAuthorised
DA:1,1
DA:2,1
DA:13,4
DA:15,4
DA:16,1
DA:19,4
DA:21,4
DA:22,4
DA:24,2
DA:28,2
DA:31,2
DA:34,1
LF:12
LH:12
BRDA:15,0,0,1
BRDA:15,0,1,3
BRF:2
BRH:2
end_of_record
TN:
SF:middleware/ListItemValidator.js
FN:12,ListItemValidator
FN:13,(anonymous_1)
FN:24,(anonymous_2)
FNF:3
FNH:3
FNDA:4,ListItemValidator
FNDA:4,(anonymous_1)
FNDA:4,(anonymous_2)
DA:1,1
DA:2,1
DA:6,1
DA:7,1
DA:13,4
DA:14,4
DA:24,4
DA:25,4
DA:27,4
DA:29,4
DA:31,4
DA:33,4
DA:34,1
DA:37,3
DA:38,2
DA:43,2
DA:44,1
DA:52,2
DA:57,1
LF:19
LH:19
BRDA:12,0,0,2
BRDA:25,1,0,0
BRDA:25,1,1,4
BRDA:33,2,0,1
BRDA:33,2,1,3
BRDA:37,3,0,2
BRDA:37,3,1,1
BRDA:43,4,0,1
BRDA:43,4,1,1
BRF:9
BRH:8
end_of_record
TN:
SF:middleware/ListMemberValidator.js
FN:9,ListMemberValidator
FN:10,(anonymous_1)
FN:20,(anonymous_2)
FNF:3
FNH:3
FNDA:2,ListMemberValidator
FNDA:2,(anonymous_1)
FNDA:2,(anonymous_2)
DA:1,1
DA:2,1
DA:3,1
DA:4,1
DA:10,2
DA:11,2
DA:20,2
DA:21,2
DA:23,2
DA:25,2
DA:27,2
DA:32,2
DA:33,1
DA:40,1
DA:45,1
LF:15
LH:15
BRDA:21,0,0,0
BRDA:21,0,1,2
BRDA:32,1,0,1
BRDA:32,1,1,1
BRF:4
BRH:3
end_of_record
TN:
SF:middleware/ListOwnerValidator.js
FN:9,ListOwnerValidator
FN:10,(anonymous_1)
FN:20,(anonymous_2)
FNF:3
FNH:3
FNDA:2,ListOwnerValidator
FNDA:2,(anonymous_1)
FNDA:2,(anonymous_2)
DA:1,1
DA:2,1
DA:3,1
DA:4,1
DA:10,2
DA:11,2
DA:20,2
DA:21,2
DA:23,2
DA:25,2
DA:27,2
DA:29,2
DA:30,1
DA:37,1
DA:42,1
LF:15
LH:15
BRDA:21,0,0,0
BRDA:21,0,1,2
BRDA:29,1,0,1
BRDA:29,1,1,1
BRF:4
BRH:3
end_of_record
TN:
SF:middleware/PathNotFoundHandler.js
FN:11,PathNotFoundHandler
FNF:1
FNH:1
FNDA:1,PathNotFoundHandler
DA:1,1
DA:12,1
DA:15,1
LF:3
LH:3
BRF:0
BRH:0
end_of_record
TN:
SF:middleware/PayloadValidator.js
FN:10,PayloadValidator
FN:11,(anonymous_1)
FNF:2
FNH:2
FNDA:17,PayloadValidator
FNDA:17,(anonymous_1)
DA:1,4
DA:11,17
DA:12,17
DA:13,17
DA:15,17
DA:16,1
DA:19,16
DA:20,14
DA:23,16
DA:24,15
DA:27,16
DA:32,14
DA:34,3
DA:44,4
LF:14
LH:14
BRDA:10,0,0,6
BRDA:10,1,0,7
BRDA:10,2,0,16
BRDA:15,3,0,1
BRDA:15,3,1,16
BRDA:19,4,0,14
BRDA:19,4,1,2
BRDA:23,5,0,15
BRDA:23,5,1,1
BRDA:37,6,0,1
BRDA:37,6,1,2
BRF:11
BRH:11
end_of_record
TN:
SF:util/APIResponses.js
FN:10,(anonymous_0)
FN:17,(anonymous_1)
FN:25,(anonymous_2)
FN:32,(anonymous_3)
FN:38,(anonymous_4)
FN:42,(anonymous_5)
FNF:6
FNH:6
FNDA:13,(anonymous_0)
FNDA:10,(anonymous_1)
FNDA:1,(anonymous_2)
FNDA:4,(anonymous_3)
FNDA:9,(anonymous_4)
FNDA:7,(anonymous_5)
DA:1,2
DA:2,2
DA:5,13
DA:6,13
DA:7,13
DA:8,13
DA:11,13
DA:12,13
DA:13,13
DA:14,13
DA:18,10
DA:26,1
DA:27,1
DA:33,4
DA:39,9
DA:43,7
DA:45,7
DA:49,5
DA:55,2
DA:65,2
LF:20
LH:20
BRDA:32,0,0,1
BRDA:32,1,0,2
BRDA:32,2,0,2
BRDA:32,3,0,2
BRDA:38,4,0,1
BRDA:38,5,0,1
BRDA:38,6,0,3
BRDA:45,7,0,5
BRDA:45,7,1,2
BRDA:46,8,0,7
BRDA:46,8,1,7
BRF:11
BRH:11
end_of_record
TN:
SF:util/AWS.js
FN:14,putObject
FN:25,generateSignedUrl
FNF:2
FNH:0
FNDA:0,putObject
FNDA:0,generateSignedUrl
DA:5,3
DA:6,3
DA:7,3
DA:15,0
DA:26,0
DA:31,0
DA:36,3
LF:7
LH:4
BRF:0
BRH:0
end_of_record
TN:
SF:util/Database.js
FN:4,getConfig
FNF:1
FNH:1
FNDA:15,getConfig
DA:1,15
DA:2,15
DA:5,15
DA:7,15
DA:9,0
DA:11,0
DA:13,0
DA:17,15
DA:19,15
LF:9
LH:6
BRDA:5,0,0,15
BRDA:5,0,1,0
BRDA:5,0,2,0
BRDA:5,0,3,0
BRF:4
BRH:1
end_of_record
TN:
SF:util/FirebaseApp.js
FN:9,getFirebasePrivateKey
FN:13,getFirebaseMessaging
FNF:2
FNH:0
FNDA:0,getFirebasePrivateKey
FNDA:0,getFirebaseMessaging
DA:1,1
DA:7,1
DA:10,0
DA:14,0
DA:22,0
DA:25,1
LF:6
LH:3
BRF:0
BRH:0
end_of_record
TN:
SF:util/Logger.js
FNF:0
FNH:0
DA:1,17
DA:3,17
DA:16,17
LF:3
LH:3
BRF:0
BRH:0
end_of_record
TN:
SF:util/Secrets.js
FNF:0
FNH:0
DA:1,5
DA:2,5
DA:3,5
DA:4,5
DA:5,5
DA:6,5
DA:7,5
DA:8,5
DA:9,5
DA:10,5
DA:12,5
LF:11
LH:11
BRF:0
BRH:0
end_of_record
TN:
SF:util/ServerErrors.js
FN:8,(anonymous_0)
FN:16,(anonymous_1)
FN:22,(anonymous_2)
FN:35,(anonymous_3)
FN:49,(anonymous_4)
FN:61,(anonymous_5)
FN:67,(anonymous_6)
FN:73,(anonymous_7)
FNF:8
FNH:8
FNDA:66,(anonymous_0)
FNDA:3,(anonymous_1)
FNDA:29,(anonymous_2)
FNDA:10,(anonymous_3)
FNDA:7,(anonymous_4)
FNDA:6,(anonymous_5)
FNDA:4,(anonymous_6)
FNDA:4,(anonymous_7)
DA:1,17
DA:4,66
DA:5,66
DA:6,66
DA:9,66
DA:11,66
DA:12,66
DA:13,66
DA:17,3
DA:23,29
DA:24,29
DA:26,29
DA:36,10
DA:40,10
DA:50,7
DA:52,7
DA:62,6
DA:68,4
DA:74,4
DA:81,4
DA:83,4
DA:87,17
LF:22
LH:22
BRDA:8,0,0,2
BRDA:8,1,0,54
BRDA:12,2,0,66
BRDA:12,2,1,2
BRDA:22,3,0,9
BRDA:22,4,0,12
BRDA:23,5,0,20
BRDA:23,5,1,9
BRDA:24,6,0,15
BRDA:24,6,1,14
BRDA:35,7,0,1
BRDA:49,8,0,1
BRDA:50,9,0,6
BRDA:50,9,1,1
BRDA:67,10,0,3
BRF:15
BRH:15
end_of_record
